#
# A fatal error has been detected by the Java Runtime Environment:
#
#  SIGBUS (0xa) at pc=0x00007ff80b87c3e3, pid=10739, tid=259
#
# JRE version: OpenJDK Runtime Environment (17.0.2+8) (build 17.0.2+8-86)
# Java VM: OpenJDK 64-Bit Server VM (17.0.2+8-86, mixed mode, sharing, tiered, compressed oops, compressed class ptrs, g1 gc, bsd-amd64)
# Problematic frame:
# C  [CoreGraphics+0xc3e3]  ERROR_CGDataProvider_BufferIsNotReadable+0x23
#
# No core dump will be written. Core dumps have been disabled. To enable core dumping, try "ulimit -c unlimited" before starting Java again
#
# If you would like to submit a bug report, please visit:
#   https://bugreport.java.com/bugreport/crash.jsp
# The crash happened outside the Java Virtual Machine in native code.
# See problematic frame for where to report the bug.
#

---------------  S U M M A R Y ------------

Command Line: -javaagent:/Users/mingxingyi/Library/Application Support/JetBrains/Toolbox/apps/IDEA-U/ch-0/223.7571.182/IntelliJ IDEA.app/Contents/lib/idea_rt.jar=59228:/Users/mingxingyi/Library/Application Support/JetBrains/Toolbox/apps/IDEA-U/ch-0/223.7571.182/IntelliJ IDEA.app/Contents/bin -Dfile.encoding=UTF-8 --module-path=/Users/mingxingyi/.m2/repository/com/github/almasb/fxgl-core/17.2/fxgl-core-17.2.jar:/Users/mingxingyi/.m2/repository/com/fasterxml/jackson/core/jackson-core/2.12.1/jackson-core-2.12.1.jar:/Users/mingxingyi/.m2/repository/com/gluonhq/attach/audio/4.0.13/audio-4.0.13.jar:/Users/mingxingyi/.m2/repository/com/gluonhq/attach/storage/4.0.13/storage-4.0.13.jar:/Users/mingxingyi/fx/games/target/classes:/Users/mingxingyi/.m2/repository/com/fasterxml/jackson/core/jackson-databind/2.12.1/jackson-databind-2.12.1.jar:/Users/mingxingyi/.m2/repository/org/openjfx/javafx-graphics/18/javafx-graphics-18-mac.jar:/Users/mingxingyi/.m2/repository/com/gluonhq/attach/util/4.0.13/util-4.0.13.jar:/Users/mingxingyi/.m2/repository/com/github/almasb/fxgl-scene/17.2/fxgl-scene-17.2.jar:/Users/mingxingyi/.m2/repository/org/openjfx/javafx-fxml/18/javafx-fxml-18-mac.jar:/Users/mingxingyi/.m2/repository/com/gluonhq/attach/lifecycle/4.0.13/lifecycle-4.0.13.jar:/Users/mingxingyi/.m2/repository/org/jetbrains/kotlin/kotlin-stdlib/1.6.0/kotlin-stdlib-1.6.0-modular.jar:/Users/mingxingyi/.m2/repository/org/jetbrains/kotlin/kotlin-stdlib/1.7.20/kotlin-stdlib-1.7.20.jar:/Users/mingxingyi/.m2/repository/com/github/almasb/fxgl-io/17.2/fxgl-io-17.2.jar:/Users/mingxingyi/.m2/repository/org/openjfx/javafx-controls/18/javafx-controls-18-mac.jar:/Users/mingxingyi/.m2/repository/org/openjfx/javafx-base/18/javafx-base-18-mac.jar:/Users/mingxingyi/.m2/repository/com/github/almasb/fxgl-entity/17.2/fxgl-entity-17.2.jar:/Users/mingxingyi/.m2/repository/com/github/almasb/fxgl/17.2/fxgl-17.2.jar:/Users/mingxingyi/.m2/repository/com/github/almasb/fxgl-gameplay/17.2/fxgl-gameplay-17.2.jar:/Users/mingxingyi/.m2/repository/org/openjfx/javafx-media/18/javafx-media-18-mac.jar:/Users/mingxingyi/.m2/repository/com/fasterxml/jackson/core/jackson-annotations/2.12.1/jackson-annotations-2.12.1.jar -Djdk.module.main=yi.ming.xing.games yi.ming.xing.games/yi.ming.xing.games.TankGameAppKt

Host: "MacBookPro16,1" x86_64 2600 MHz, 12 cores, 16G, Darwin 22.1.0, macOS 13.0.1 (22A400)
Time: Fri Dec 16 13:27:18 2022 CST elapsed time: 25.875315 seconds (0d 0h 0m 25s)

---------------  T H R E A D  ---------------

Current thread (0x00007f9fb380d800):  JavaThread "JavaFX Application Thread" [_thread_in_native, id=259, stack(0x00007ff7b05b7000,0x00007ff7b0db7000)]

Stack: [0x00007ff7b05b7000,0x00007ff7b0db7000],  sp=0x00007ff7b0db0d40,  free space=8167k
Native frames: (J=compiled Java code, j=interpreted, Vv=VM code, C=native code)
C  [CoreGraphics+0xc3e3]  ERROR_CGDataProvider_BufferIsNotReadable+0x23
C  [CoreGraphics+0xc27f]  CGDataProviderRetainBytePtr+0x111
C  [CoreGraphics+0x206384]  CGDataProviderCreateProtectedCopy+0x13
C  [CoreGraphics+0x1b895b]  CGImageCreateCopyWithProtectedDataProvider+0x3e
C  [CoreGraphics+0x37b73]  CGContextDrawImageWithOptions+0x111
C  [SkyLight+0x217c76]  SLSRegisterCursorWithImages+0x386
C  [AppKit+0x1cfcb1]  -[NSCursor _reallySet]+0x240
C  [AppKit+0x1cfa25]  -[NSCursor set]+0xb2
C  [libglass.dylib+0x81ff]  Java_com_sun_glass_ui_mac_MacCursor__1setCustom+0x11f
j  com.sun.glass.ui.mac.MacCursor._setCustom(J)V+0 javafx.graphics@18
j  com.sun.glass.ui.mac.MacCursor.set()V+60 javafx.graphics@18
j  com.sun.glass.ui.mac.MacWindow._setCursor(JLcom/sun/glass/ui/Cursor;)V+4 javafx.graphics@18
j  com.sun.glass.ui.Window.setCursor(Lcom/sun/glass/ui/Cursor;)V+9 javafx.graphics@18
j  com.sun.javafx.tk.quantum.ViewScene.lambda$setCursor$1(Ljava/lang/Object;)V+34 javafx.graphics@18
j  com.sun.javafx.tk.quantum.ViewScene$$Lambda$233+0x0000000800dd4af8.run()V+8 javafx.graphics@18
J 3189 c1 com.sun.glass.ui.InvokeLaterDispatcher$Future.run()V javafx.graphics@18 (91 bytes) @ 0x0000000119512e94 [0x0000000119512d80+0x0000000000000114]
v  ~StubRoutines::call_stub
V  [libjvm.dylib+0x506501]  JavaCalls::call_helper(JavaValue*, methodHandle const&, JavaCallArguments*, JavaThread*)+0x2a1
V  [libjvm.dylib+0x55fe96]  jni_invoke_nonstatic(JNIEnv_*, JavaValue*, _jobject*, JNICallType, _jmethodID*, JNI_ArgumentPusher*, JavaThread*)+0x2d6
V  [libjvm.dylib+0x564376]  jni_CallVoidMethod+0x1a6
C  [libglass.dylib+0xb2e1]  JNI_OnLoad+0xb1
C  [Foundation+0x7f420]  __NSThreadPerformPerform+0xb1
C  [CoreFoundation+0x7ebc8]  __CFRUNLOOP_IS_CALLING_OUT_TO_A_SOURCE0_PERFORM_FUNCTION__+0x11
C  [CoreFoundation+0x7eb77]  __CFRunLoopDoSource0+0x9d
C  [CoreFoundation+0x7e951]  __CFRunLoopDoSources0+0xd4
C  [CoreFoundation+0x7d5cb]  __CFRunLoopRun+0x3a1
C  [CoreFoundation+0x7cbb0]  CFRunLoopRunSpecific+0x230
C  [HIToolbox+0x2fbd6]  RunCurrentEventLoopInMode+0x124
C  [HIToolbox+0x2f806]  ReceiveNextEventCommon+0xc7
C  [HIToolbox+0x2f723]  _BlockUntilNextEventMatchingListInModeWithFilter+0x46
C  [AppKit+0x3eb37]  _DPSNextEvent+0x38d
C  [AppKit+0x3d9b8]  -[NSApplication(NSEvent) _nextEventMatchingEventMask:untilDate:inMode:dequeue:]+0x4c3
C  [AppKit+0x2fff3]  -[NSApplication run]+0x24a
C  [libglass.dylib+0xd2c4]  JNI_OnLoad+0x2094
C  [Foundation+0x7f420]  __NSThreadPerformPerform+0xb1
C  [CoreFoundation+0x7ebc8]  __CFRUNLOOP_IS_CALLING_OUT_TO_A_SOURCE0_PERFORM_FUNCTION__+0x11
C  [CoreFoundation+0x7eb77]  __CFRunLoopDoSource0+0x9d
C  [CoreFoundation+0x7e951]  __CFRunLoopDoSources0+0xd4
C  [CoreFoundation+0x7d5cb]  __CFRunLoopRun+0x3a1
C  [CoreFoundation+0x7cbb0]  CFRunLoopRunSpecific+0x230
C  [libjli.dylib+0x70b2]  CreateExecutionEnvironment+0x182
C  [libjli.dylib+0x2c15]  JLI_Launch+0x585
C  [java+0x3c11]  main+0x191
C  [dyld+0x6310]  start+0x980

Java frames: (J=compiled Java code, j=interpreted, Vv=VM code)
j  com.sun.glass.ui.mac.MacCursor._setCustom(J)V+0 javafx.graphics@18
j  com.sun.glass.ui.mac.MacCursor.set()V+60 javafx.graphics@18
j  com.sun.glass.ui.mac.MacWindow._setCursor(JLcom/sun/glass/ui/Cursor;)V+4 javafx.graphics@18
j  com.sun.glass.ui.Window.setCursor(Lcom/sun/glass/ui/Cursor;)V+9 javafx.graphics@18
j  com.sun.javafx.tk.quantum.ViewScene.lambda$setCursor$1(Ljava/lang/Object;)V+34 javafx.graphics@18
j  com.sun.javafx.tk.quantum.ViewScene$$Lambda$233+0x0000000800dd4af8.run()V+8 javafx.graphics@18
J 3189 c1 com.sun.glass.ui.InvokeLaterDispatcher$Future.run()V javafx.graphics@18 (91 bytes) @ 0x0000000119512e94 [0x0000000119512d80+0x0000000000000114]
v  ~StubRoutines::call_stub

siginfo: si_signo: 10 (SIGBUS), si_code: 2 (BUS_ADRERR), si_addr: 0x000000070f00e840

Register to memory mapping:

RAX=0x000000070f00e840 is an unallocated location in the heap
RBX=0x00007f9fb46350a0 points into unknown readable memory: 0x011dfff84a102ff1 | f1 2f 10 4a f8 ff 1d 01
RCX=0x00000000000120a8 is an unknown value
RDX=0x0000000000000008 is an unknown value
RSP=0x00007ff7b0db0d40 is pointing into the stack for thread: 0x00007f9fb380d800
RBP=0x00007ff7b0db0d50 is pointing into the stack for thread: 0x00007f9fb380d800
RSI=0x0 is NULL
RDI=0x000000070f00e840 is an unallocated location in the heap
R8 =0x000000000004fe79 is an unknown value
R9 =0x00000000000020a8 is an unknown value
R10=0x00007f9fb4635170 points into unknown readable memory: 0x0000000000000002 | 02 00 00 00 00 00 00 00
R11=0x00006000021eaf44 points into unknown readable memory: 02 90 82 8a
R12=0x00007f9fb46350a0 points into unknown readable memory: 0x011dfff84a102ff1 | f1 2f 10 4a f8 ff 1d 01
R13=0x00006000016d0f00 points into unknown readable memory: 0x011dfff84a102ff1 | f1 2f 10 4a f8 ff 1d 01
R14=0x00007f9fb4635150 points into unknown readable memory: 0x000000004d555458 | 58 54 55 4d 00 00 00 00
R15=0x0 is NULL


Registers:
RAX=0x000000070f00e840, RBX=0x00007f9fb46350a0, RCX=0x00000000000120a8, RDX=0x0000000000000008
RSP=0x00007ff7b0db0d40, RBP=0x00007ff7b0db0d50, RSI=0x0000000000000000, RDI=0x000000070f00e840
R8 =0x000000000004fe79, R9 =0x00000000000020a8, R10=0x00007f9fb4635170, R11=0x00006000021eaf44
R12=0x00007f9fb46350a0, R13=0x00006000016d0f00, R14=0x00007f9fb4635150, R15=0x0000000000000000
RIP=0x00007ff80b87c3e3, EFLAGS=0x0000000000010246, ERR=0x0000000000000004
  TRAPNO=0x000000000000000e

Top of Stack: (sp=0x00007ff7b0db0d40)
0x00007ff7b0db0d40:   000000070f00e840 00007f9fb46350a0
0x00007ff7b0db0d50:   00007ff7b0db0d80 00007ff80b87c27f
0x00007ff7b0db0d60:   0000000000000000 00007f9fb46351c0
0x00007ff7b0db0d70:   00007f9fb46351c0 0000000000000000
0x00007ff7b0db0d80:   00007ff7b0db0db0 00007ff80ba76384
0x00007ff7b0db0d90:   00007f9fb46351c0 00006000016d0f00
0x00007ff7b0db0da0:   00007f9fb46351c0 0000000000000000
0x00007ff7b0db0db0:   00007ff7b0db0dd0 00007ff80ba2895b
0x00007ff7b0db0dc0:   00007ff7b0db0f10 00007f9fb46351c0
0x00007ff7b0db0dd0:   00007ff7b0db0f00 00007ff80b8a7b73
0x00007ff7b0db0de0:   0000000000000000 0000000000000000
0x00007ff7b0db0df0:   4049800000000000 4048800000000000
0x00007ff7b0db0e00:   00007f9fb433ff20 00007f9fb433ff20
0x00007ff7b0db0e10:   000000010f1e001c 0000000000000007
0x00007ff7b0db0e20:   0000600001ae9610 00006000011bd050
0x00007ff7b0db0e30:   00006000011bd050 00006000011bd050
0x00007ff7b0db0e40:   00007ff7b0db0ea0 00007ff80b8c83d5
0x00007ff7b0db0e50:   24d6795bd503002b 00006000011bc090
0x00007ff7b0db0e60:   00006000016d0f00 0000000000000033
0x00007ff7b0db0e70:   00007ff806630a48 00006000016d0f00
0x00007ff7b0db0e80:   00006000016d0f00 0000000000000033
0x00007ff7b0db0e90:   00006000011bd050 00007f9fb434af20
0x00007ff7b0db0ea0:   00007ff7b0db0f00 00007ff80b8c80e8
0x00007ff7b0db0eb0:   0000000000000020 00000000000000cc
0x00007ff7b0db0ec0:   000060000001cf50 00006000016d0fc0
0x00007ff7b0db0ed0:   24d6795bd503002b 0000000000000031
0x00007ff7b0db0ee0:   00006000016d0f00 0000000000000033
0x00007ff7b0db0ef0:   0000000000000000 00007ff7b0db108c
0x00007ff7b0db0f00:   00007ff7b0db19a0 00007ff80b69ec76
0x00007ff7b0db0f10:   0000000000000000 0000000000000000
0x00007ff7b0db0f20:   4049800000000000 4048800000000000
0x00007ff7b0db0f30:   401c000000000000 0000000000000000 

Instructions: (pc=0x00007ff80b87c3e3)
0x00007ff80b87c2e3:   00 75 0e 48 8d 35 50 20 6e 00 eb 0c 45 31 f6 eb
0x00007ff80b87c2f3:   1f 48 8d 35 64 20 6e 00 bf 03 00 00 00 48 89 da
0x00007ff80b87c303:   31 c0 e8 49 42 49 00 e8 15 1b 44 00 84 c0 75 0e
0x00007ff80b87c313:   44 89 f0 48 83 c4 08 5b 41 5e 41 5f 5d c3 e8 07
0x00007ff80b87c323:   9b 4f 00 eb eb 48 8d 3d 01 5f 8c 3e 48 8d 35 c2
0x00007ff80b87c333:   04 35 3e e8 0d ec 4f 00 eb 8f 90 90 90 90 90 90
0x00007ff80b87c343:   90 90 90 90 90 90 90 55 48 89 e5 5d e9 8a e3 4f
0x00007ff80b87c353:   00 90 90 90 90 90 90 90 90 90 55 48 89 e5 53 50
0x00007ff80b87c363:   48 89 fb 48 83 3d ca 5e 8c 3e ff 75 33 80 3d 39
0x00007ff80b87c373:   8b e4 3c 00 74 21 48 85 db 74 1c 48 8b bb 10 01
0x00007ff80b87c383:   00 00 48 85 ff 74 10 be 00 01 00 08 48 83 c4 08
0x00007ff80b87c393:   5b 5d e9 84 e5 4f 00 31 c0 48 83 c4 08 5b 5d c3
0x00007ff80b87c3a3:   48 8d 3d 8e 5e 8c 3e 48 8d 35 c7 04 35 3e e8 92
0x00007ff80b87c3b3:   eb 4f 00 eb b8 0f 1f 84 00 00 00 00 00 55 48 89
0x00007ff80b87c3c3:   e5 48 83 ec 10 48 89 7d f0 c6 45 ff 00 e8 21 00
0x00007ff80b87c3d3:   00 00 24 01 0f b6 c0 83 f8 01 75 09 48 8b 45 f0
0x00007ff80b87c3e3:   8a 00 88 45 ff 48 83 c4 10 5d c3 66 90 90 90 90
0x00007ff80b87c3f3:   90 90 90 55 48 89 e5 48 83 3d 46 5e 8c 3e ff 75
0x00007ff80b87c403:   08 8a 05 36 5e 8c 3e 5d c3 48 8d 3d 35 5e 8c 3e
0x00007ff80b87c413:   48 8d 35 9e 04 35 3e e8 29 eb 4f 00 eb e3 55 48
0x00007ff80b87c423:   89 e5 48 bf 01 00 00 00 02 0d 0a 00 e8 5c eb 4f
0x00007ff80b87c433:   00 88 05 06 5e 8c 3e 5d c3 90 90 90 90 55 48 89
0x00007ff80b87c443:   e5 48 83 ec 20 48 89 7d e8 48 89 75 f0 c6 45 ff
0x00007ff80b87c453:   00 e8 9d ff ff ff 24 01 0f b6 c0 83 f8 01 75 0e
0x00007ff80b87c463:   48 8b 45 e8 48 8b 4d f0 8a 04 08 88 45 ff 48 83
0x00007ff80b87c473:   c4 20 5d c3 90 90 90 90 90 90 90 90 90 90 90 90
0x00007ff80b87c483:   90 48 85 ff 74 12 55 48 89 e5 48 8d 05 d1 c1 04
0x00007ff80b87c493:   00 48 39 47 50 5d 74 03 31 c0 c3 b0 01 c3 90 90
0x00007ff80b87c4a3:   90 90 90 48 85 ff 74 12 55 48 89 e5 48 8d 05 94
0x00007ff80b87c4b3:   fe ff ff 48 39 47 50 5d 74 03 31 c0 c3 b0 01 c3
0x00007ff80b87c4c3:   90 90 90 90 55 48 89 e5 41 56 53 48 85 ff 74 61
0x00007ff80b87c4d3:   48 89 fb 48 83 7f 50 00 74 57 48 83 bb 00 01 00 


Stack slot to memory mapping:
stack at sp + 0 slots: 0x000000070f00e840 is an unallocated location in the heap
stack at sp + 1 slots: 0x00007f9fb46350a0 points into unknown readable memory: 0x011dfff84a102ff1 | f1 2f 10 4a f8 ff 1d 01
stack at sp + 2 slots: 0x00007ff7b0db0d80 is pointing into the stack for thread: 0x00007f9fb380d800
stack at sp + 3 slots: 0x00007ff80b87c27f: CGDataProviderRetainBytePtr+0x111 in /System/Library/Frameworks/CoreGraphics.framework/Versions/A/CoreGraphics at 0x00007ff80b870000
stack at sp + 4 slots: 0x0 is NULL
stack at sp + 5 slots: 0x00007f9fb46351c0 points into unknown readable memory: 0x011dfff84a102ff1 | f1 2f 10 4a f8 ff 1d 01
stack at sp + 6 slots: 0x00007f9fb46351c0 points into unknown readable memory: 0x011dfff84a102ff1 | f1 2f 10 4a f8 ff 1d 01
stack at sp + 7 slots: 0x0 is NULL


---------------  P R O C E S S  ---------------

Threads class SMR info:
_java_thread_list=0x00006000022f6840, length=25, elements={
0x00007f9fb480a000, 0x00007f9fb6808a00, 0x00007f9fb6813800, 0x00007f9fb80cd600,
0x00007f9fb80cdc00, 0x00007f9fb80ce200, 0x00007f9fb80d0e00, 0x00007f9fb6021a00,
0x00007f9fb4809600, 0x00007f9fb6022000, 0x00007f9fb3810400, 0x00007f9fb3810a00,
0x00007f9fb4928e00, 0x00007f9fb601fa00, 0x00007f9fb48ecc00, 0x00007f9fb380d800,
0x00007f9fb49d4000, 0x00007f9fb49c8200, 0x00007f9fb69c4800, 0x00007f9fb49c7800,
0x00007f9fb4a24e00, 0x00007f9fb3b1b200, 0x00007f9fb608d800, 0x00007f9fb617be00,
0x00007f9fb4835a00
}

Java Threads: ( => current thread )
  0x00007f9fb480a000 JavaThread "main" [_thread_blocked, id=5635, stack(0x0000700007176000,0x0000700007276000)]
  0x00007f9fb6808a00 JavaThread "Reference Handler" daemon [_thread_blocked, id=18947, stack(0x000070000788b000,0x000070000798b000)]
  0x00007f9fb6813800 JavaThread "Finalizer" daemon [_thread_blocked, id=19971, stack(0x000070000798e000,0x0000700007a8e000)]
  0x00007f9fb80cd600 JavaThread "Signal Dispatcher" daemon [_thread_blocked, id=31747, stack(0x0000700007b97000,0x0000700007c97000)]
  0x00007f9fb80cdc00 JavaThread "Service Thread" daemon [_thread_blocked, id=23811, stack(0x0000700007c9a000,0x0000700007d9a000)]
  0x00007f9fb80ce200 JavaThread "Monitor Deflation Thread" daemon [_thread_blocked, id=24067, stack(0x0000700007d9d000,0x0000700007e9d000)]
  0x00007f9fb80d0e00 JavaThread "C2 CompilerThread0" daemon [_thread_blocked, id=24323, stack(0x0000700007ea0000,0x0000700007fa0000)]
  0x00007f9fb6021a00 JavaThread "C1 CompilerThread0" daemon [_thread_blocked, id=24579, stack(0x0000700007fa3000,0x00007000080a3000)]
  0x00007f9fb4809600 JavaThread "Sweeper thread" daemon [_thread_blocked, id=30723, stack(0x00007000080a6000,0x00007000081a6000)]
  0x00007f9fb6022000 JavaThread "Common-Cleaner" daemon [_thread_blocked, id=25347, stack(0x00007000081a9000,0x00007000082a9000)]
  0x00007f9fb3810400 JavaThread "Monitor Ctrl-Break" daemon [_thread_in_native, id=29955, stack(0x00007000083af000,0x00007000084af000)]
  0x00007f9fb3810a00 JavaThread "Notification Thread" daemon [_thread_blocked, id=29443, stack(0x00007000084b2000,0x00007000085b2000)]
  0x00007f9fb4928e00 JavaThread "JavaFX-Launcher" [_thread_blocked, id=28675, stack(0x00007000086b8000,0x00007000087b8000)]
  0x00007f9fb601fa00 JavaThread "QuantumRenderer-0" daemon [_thread_blocked, id=28163, stack(0x00007000087bb000,0x00007000088bb000)]
  0x00007f9fb48ecc00 JavaThread "InvokeLaterDispatcher" daemon [_thread_blocked, id=39175, stack(0x00007000088be000,0x00007000089be000)]
=>0x00007f9fb380d800 JavaThread "JavaFX Application Thread" [_thread_in_native, id=259, stack(0x00007ff7b05b7000,0x00007ff7b0db7000)]
  0x00007f9fb49d4000 JavaThread "FXGL Background Thread 1" daemon [_thread_blocked, id=71687, stack(0x00007000090d9000,0x00007000091d9000)]
  0x00007f9fb49c8200 JavaThread "Prism Font Disposer" daemon [_thread_blocked, id=70415, stack(0x00007000092df000,0x00007000093df000)]
  0x00007f9fb69c4800 JavaThread "FXGL Background Thread 2" daemon [_thread_blocked, id=54551, stack(0x00007000082ac000,0x00007000083ac000)]
  0x00007f9fb49c7800 JavaThread "FXGL Background Thread 3" daemon [_thread_blocked, id=2075, stack(0x00007000093e2000,0x00007000094e2000)]
  0x00007f9fb4a24e00 JavaThread "FXGL Background Thread 4" daemon [_thread_blocked, id=129283, stack(0x00007000094e5000,0x00007000095e5000)]
  0x00007f9fb3b1b200 JavaThread "Cleaner-0" daemon [_thread_blocked, id=127499, stack(0x0000700009974000,0x0000700009a74000)]
  0x00007f9fb608d800 JavaThread "Media Resource Disposer" daemon [_thread_blocked, id=94851, stack(0x0000700009e86000,0x0000700009f86000)]
  0x00007f9fb617be00 JavaThread "Thread-5" daemon [_thread_blocked, id=122495, stack(0x0000700009f89000,0x000070000a089000)]
  0x00007f9fb4835a00 JavaThread "PulseTimer-CVDisplayLink thread" daemon [_thread_in_native, id=50695, stack(0x0000700007a91000,0x0000700007b11000)]

Other Threads:
  0x00007f9fb4405120 VMThread "VM Thread" [stack: 0x0000700007788000,0x0000700007888000] [id=18435]
  0x00007f9fb4107fe0 WatcherThread [stack: 0x00007000085b5000,0x00007000086b5000] [id=29187]
  0x00007f9fb4007d50 GCTaskThread "GC Thread#0" [stack: 0x0000700007279000,0x0000700007379000] [id=13315]
  0x00007f9fb401f870 GCTaskThread "GC Thread#1" [stack: 0x00007000089c1000,0x0000700008ac1000] [id=36099]
  0x00007f9fb401fce0 GCTaskThread "GC Thread#2" [stack: 0x0000700008ac4000,0x0000700008bc4000] [id=36611]
  0x00007f9fb4020150 GCTaskThread "GC Thread#3" [stack: 0x0000700008bc7000,0x0000700008cc7000] [id=37123]
  0x00007f9fb40205c0 GCTaskThread "GC Thread#4" [stack: 0x0000700008cca000,0x0000700008dca000] [id=38915]
  0x00007f9fb4020a30 GCTaskThread "GC Thread#5" [stack: 0x0000700008dcd000,0x0000700008ecd000] [id=38403]
  0x00007f9fb4062c40 GCTaskThread "GC Thread#6" [stack: 0x00007000095e8000,0x00007000096e8000] [id=89603]
  0x00007f9fb40630b0 GCTaskThread "GC Thread#7" [stack: 0x00007000096eb000,0x00007000097eb000] [id=90115]
  0x00007f9fb8c0aee0 GCTaskThread "GC Thread#8" [stack: 0x00007000097ee000,0x00007000098ee000] [id=90371]
  0x00007f9fb433ad30 GCTaskThread "GC Thread#9" [stack: 0x0000700009a77000,0x0000700009b77000] [id=93699]
  0x00007f9fb46043c0 ConcurrentGCThread "G1 Main Marker" [stack: 0x000070000737c000,0x000070000747c000] [id=14851]
  0x00007f9fb4604c40 ConcurrentGCThread "G1 Conc#0" [stack: 0x000070000747f000,0x000070000757f000] [id=14339]
  0x00007f9fb8c0c5e0 ConcurrentGCThread "G1 Conc#1" [stack: 0x0000700009b7a000,0x0000700009c7a000] [id=94211]
  0x00007f9fb8d0b5e0 ConcurrentGCThread "G1 Conc#2" [stack: 0x0000700009c7d000,0x0000700009d7d000] [id=124931]
  0x00007f9fb4607ca0 ConcurrentGCThread "G1 Refine#0" [stack: 0x0000700007582000,0x0000700007682000] [id=16643]
  0x00007f9fb4608530 ConcurrentGCThread "G1 Service" [stack: 0x0000700007685000,0x0000700007785000] [id=16899]

Threads with active compile tasks:

VM state: not at safepoint (normal execution)

VM Mutex/Monitor currently owned by a thread: None

Heap address: 0x0000000700000000, size: 4096 MB, Compressed Oops mode: Zero based, Oop shift amount: 3

CDS archive(s) mapped at: [0x0000000800000000-0x0000000800bd4000-0x0000000800bd4000), size 12402688, SharedBaseAddress: 0x0000000800000000, ArchiveRelocationMode: 0.
Compressed class space mapped at: 0x0000000800c00000-0x0000000840c00000, reserved size: 1073741824
Narrow klass base: 0x0000000800000000, Narrow klass shift: 0, Narrow klass range: 0x100000000

GC Precious Log:
 CPUs: 12 total, 12 available
 Memory: 16384M
 Large Page Support: Disabled
 NUMA Support: Disabled
 Compressed Oops: Enabled (Zero based)
 Heap Region Size: 2M
 Heap Min Capacity: 8M
 Heap Initial Capacity: 256M
 Heap Max Capacity: 4G
 Pre-touch: Disabled
 Parallel Workers: 10
 Concurrent Workers: 3
 Concurrent Refinement Workers: 10
 Periodic GC: Disabled

Heap:
 garbage-first heap   total 69632K, used 31493K [0x0000000700000000, 0x0000000800000000)
  region size 2048K, 2 young (4096K), 1 survivors (2048K)
 Metaspace       used 25691K, committed 26048K, reserved 1073152K
  class space    used 3414K, committed 3584K, reserved 1048576K

Heap Regions: E=young(eden), S=young(survivor), O=old, HS=humongous(starts), HC=humongous(continues), CS=collection set, F=free, OA=open archive, CA=closed archive, TAMS=top-at-mark-start (previous, next)
|   0|0x0000000700000000, 0x0000000700200000, 0x0000000700200000|100%| O|  |TAMS 0x0000000700000000, 0x0000000700200000| Untracked 
|   1|0x0000000700200000, 0x0000000700200000, 0x0000000700400000|  0%| F|  |TAMS 0x0000000700200000, 0x0000000700200000| Untracked 
|   2|0x0000000700400000, 0x0000000700600000, 0x0000000700600000|100%|HS|  |TAMS 0x0000000700400000, 0x0000000700600000| Complete 
|   3|0x0000000700600000, 0x0000000700800000, 0x0000000700800000|100%|HC|  |TAMS 0x0000000700600000, 0x0000000700800000| Complete 
|   4|0x0000000700800000, 0x0000000700a00000, 0x0000000700a00000|100%| O|  |TAMS 0x0000000700800000, 0x0000000700a00000| Untracked 
|   5|0x0000000700a00000, 0x0000000700c00000, 0x0000000700c00000|100%| O|  |TAMS 0x0000000700a00000, 0x0000000700c00000| Untracked 
|   6|0x0000000700c00000, 0x0000000700e00000, 0x0000000700e00000|100%| O|  |TAMS 0x0000000700c00000, 0x0000000700e00000| Untracked 
|   7|0x0000000700e00000, 0x0000000701000000, 0x0000000701000000|100%| O|  |TAMS 0x0000000700e00000, 0x0000000701000000| Untracked 
|   8|0x0000000701000000, 0x00000007011b7800, 0x0000000701200000| 85%| O|  |TAMS 0x0000000701000000, 0x00000007011b7800| Untracked 
|   9|0x0000000701200000, 0x0000000701200000, 0x0000000701400000|  0%| F|  |TAMS 0x0000000701200000, 0x0000000701200000| Untracked 
|  10|0x0000000701400000, 0x0000000701400000, 0x0000000701600000|  0%| F|  |TAMS 0x0000000701400000, 0x0000000701400000| Untracked 
|  11|0x0000000701600000, 0x0000000701800000, 0x0000000701800000|100%|HS|  |TAMS 0x0000000701600000, 0x0000000701800000| Complete 
|  12|0x0000000701800000, 0x0000000701a00000, 0x0000000701a00000|100%|HC|  |TAMS 0x0000000701800000, 0x0000000701a00000| Complete 
|  13|0x0000000701a00000, 0x0000000701c00000, 0x0000000701c00000|100%|HC|  |TAMS 0x0000000701a00000, 0x0000000701c00000| Complete 
|  14|0x0000000701c00000, 0x0000000701e00000, 0x0000000701e00000|100%|HS|  |TAMS 0x0000000701c00000, 0x0000000701c00000| Complete 
|  15|0x0000000701e00000, 0x0000000702000000, 0x0000000702000000|100%|HC|  |TAMS 0x0000000701e00000, 0x0000000701e00000| Complete 
|  16|0x0000000702000000, 0x0000000702200000, 0x0000000702200000|100%|HC|  |TAMS 0x0000000702000000, 0x0000000702000000| Complete 
|  17|0x0000000702200000, 0x0000000702200000, 0x0000000702400000|  0%| F|  |TAMS 0x0000000702200000, 0x0000000702200000| Untracked 
|  18|0x0000000702400000, 0x0000000702400000, 0x0000000702600000|  0%| F|  |TAMS 0x0000000702400000, 0x0000000702400000| Untracked 
|  19|0x0000000702600000, 0x0000000702600000, 0x0000000702800000|  0%| F|  |TAMS 0x0000000702600000, 0x0000000702600000| Untracked 
|  20|0x0000000702800000, 0x0000000702914e28, 0x0000000702a00000| 54%| S|CS|TAMS 0x0000000702800000, 0x0000000702800000| Complete 
|  21|0x0000000702a00000, 0x0000000702a00000, 0x0000000702c00000|  0%| F|  |TAMS 0x0000000702a00000, 0x0000000702a00000| Untracked 
|  22|0x0000000702c00000, 0x0000000702c00000, 0x0000000702e00000|  0%| F|  |TAMS 0x0000000702c00000, 0x0000000702c00000| Untracked 
|  23|0x0000000702e00000, 0x0000000702e00000, 0x0000000703000000|  0%| F|  |TAMS 0x0000000702e00000, 0x0000000702e00000| Untracked 
|  24|0x0000000703000000, 0x0000000703000000, 0x0000000703200000|  0%| F|  |TAMS 0x0000000703000000, 0x0000000703000000| Untracked 
| 114|0x000000070e400000, 0x000000070e400000, 0x000000070e600000|  0%| F|  |TAMS 0x000000070e400000, 0x000000070e400000| Untracked 
| 115|0x000000070e600000, 0x000000070e600000, 0x000000070e800000|  0%| F|  |TAMS 0x000000070e600000, 0x000000070e600000| Untracked 
| 116|0x000000070e800000, 0x000000070e800000, 0x000000070ea00000|  0%| F|  |TAMS 0x000000070e800000, 0x000000070e800000| Untracked 
| 117|0x000000070ea00000, 0x000000070ea00000, 0x000000070ec00000|  0%| F|  |TAMS 0x000000070ea00000, 0x000000070ea00000| Untracked 
| 118|0x000000070ec00000, 0x000000070ec00000, 0x000000070ee00000|  0%| F|  |TAMS 0x000000070ec00000, 0x000000070ec00000| Untracked 
| 119|0x000000070ee00000, 0x000000070ee00000, 0x000000070f000000|  0%| F|  |TAMS 0x000000070ee00000, 0x000000070ee00000| Untracked 
| 127|0x000000070fe00000, 0x000000070ff20bc8, 0x0000000710000000| 56%| E|  |TAMS 0x000000070fe00000, 0x000000070fe00000| Complete 
|2046|0x00000007ffc00000, 0x00000007ffd76000, 0x00000007ffe00000| 73%|OA|  |TAMS 0x00000007ffd76000, 0x00000007ffd76000| Untracked 
|2047|0x00000007ffe00000, 0x00000007ffe7f000, 0x0000000800000000| 24%|CA|  |TAMS 0x00000007ffe7f000, 0x00000007ffe7f000| Untracked 

Card table byte_map: [0x0000000127a21000,0x0000000128221000] _byte_map_base: 0x0000000124221000

Marking Bits (Prev, Next): (CMBitMap*) 0x00007f9fb8008250, (CMBitMap*) 0x00007f9fb8008210
 Prev Bits: [0x000000012ca21000, 0x0000000130a21000)
 Next Bits: [0x0000000128a21000, 0x000000012ca21000)

Polling page: 0x000000010f19a000

Metaspace:

Usage:
  Non-class:     21.75 MB used.
      Class:      3.33 MB used.
       Both:     25.09 MB used.

Virtual space:
  Non-class space:       24.00 MB reserved,      21.94 MB ( 91%) committed,  3 nodes.
      Class space:        1.00 GB reserved,       3.50 MB ( <1%) committed,  1 nodes.
             Both:        1.02 GB reserved,      25.44 MB (  2%) committed. 

Chunk freelists:
   Non-Class:  1.91 MB
       Class:  523.00 KB
        Both:  2.42 MB

MaxMetaspaceSize: unlimited
CompressedClassSpaceSize: 1.00 GB
Initial GC threshold: 21.00 MB
Current GC threshold: 35.25 MB
CDS: on
MetaspaceReclaimPolicy: balanced
 - commit_granule_bytes: 65536.
 - commit_granule_words: 8192.
 - virtual_space_node_default_size: 1048576.
 - enlarge_chunks_in_place: 1.
 - new_chunks_are_fully_committed: 0.
 - uncommit_free_chunks: 1.
 - use_allocation_guard: 0.
 - handle_deallocations: 1.


Internal statistics:

num_allocs_failed_limit: 3.
num_arena_births: 376.
num_arena_deaths: 0.
num_vsnodes_births: 4.
num_vsnodes_deaths: 0.
num_space_committed: 407.
num_space_uncommitted: 0.
num_chunks_returned_to_freelist: 3.
num_chunks_taken_from_freelist: 1166.
num_chunk_merges: 3.
num_chunk_splits: 826.
num_chunks_enlarged: 637.
num_purges: 0.
num_inconsistent_stats: 0.

CodeHeap 'non-profiled nmethods': size=120028Kb used=2127Kb max_used=2127Kb free=117900Kb
 bounds [0x00000001204ea000, 0x000000012075a000, 0x0000000127a21000]
CodeHeap 'profiled nmethods': size=120028Kb used=8975Kb max_used=8975Kb free=111053Kb
 bounds [0x0000000118fb3000, 0x0000000119883000, 0x00000001204ea000]
CodeHeap 'non-nmethods': size=5704Kb used=1520Kb max_used=1558Kb free=4183Kb
 bounds [0x0000000118a21000, 0x0000000118c91000, 0x0000000118fb3000]
 total_blobs=5409 nmethods=4502 adapters=818
 compilation: enabled
              stopped_count=0, restarted_count=0
 full_count=0

Compilation events (20 events):
Event: 25.631 Thread 0x00007f9fb6021a00 nmethod 4514 0x000000011986e490 code [0x000000011986e620, 0x000000011986e750]
Event: 25.646 Thread 0x00007f9fb80d0e00 4515       4       com.sun.javafx.scene.layout.RegionHelper::pickNodeLocalImpl (12 bytes)
Event: 25.648 Thread 0x00007f9fb80d0e00 nmethod 4515 0x00000001206fcd90 code [0x00000001206fcf60, 0x00000001206fd1e8]
Event: 25.706 Thread 0x00007f9fb80d0e00 4516       4       javafx.scene.Scene$TargetWrapper::set (11 bytes)
Event: 25.707 Thread 0x00007f9fb80d0e00 nmethod 4516 0x00000001206fd590 code [0x00000001206fd700, 0x00000001206fd958]
Event: 25.744 Thread 0x00007f9fb6021a00 4517       3       javafx.scene.Scene$ClickGenerator::preProcess (348 bytes)
Event: 25.746 Thread 0x00007f9fb6021a00 nmethod 4517 0x000000011986e810 code [0x000000011986ec60, 0x0000000119871370]
Event: 25.780 Thread 0x00007f9fb80d0e00 4518       4       com.sun.javafx.geom.transform.Translate2D::transform (48 bytes)
Event: 25.781 Thread 0x00007f9fb80d0e00 nmethod 4518 0x00000001206fda10 code [0x00000001206fdba0, 0x00000001206fdc78]
Event: 25.803 Thread 0x00007f9fb6021a00 4519   !   3       javafx.scene.Node::sceneToLocal (13 bytes)
Event: 25.804 Thread 0x00007f9fb6021a00 nmethod 4519 0x0000000119871c90 code [0x0000000119871e40, 0x0000000119871fc0]
Event: 25.804 Thread 0x00007f9fb6021a00 4520       3       javafx.scene.Node::sceneToLocal0 (46 bytes)
Event: 25.805 Thread 0x00007f9fb6021a00 nmethod 4520 0x0000000119872090 code [0x0000000119872380, 0x0000000119873af0]
Event: 25.849 Thread 0x00007f9fb6021a00 4522       3       javafx.scene.Node::sceneToLocal (17 bytes)
Event: 25.849 Thread 0x00007f9fb6021a00 nmethod 4522 0x0000000119874110 code [0x00000001198742c0, 0x00000001198744c0]
Event: 25.849 Thread 0x00007f9fb6021a00 4521       3       javafx.beans.property.BooleanPropertyBase::fireValueChangedEvent (8 bytes)
Event: 25.849 Thread 0x00007f9fb6021a00 nmethod 4521 0x0000000119874590 code [0x0000000119874740, 0x00000001198749a0]
Event: 25.864 Thread 0x00007f9fb6021a00 4523       3       javafx.scene.Scene::buildEventDispatchChain (48 bytes)
Event: 25.865 Thread 0x00007f9fb6021a00 nmethod 4523 0x0000000119874a90 code [0x0000000119874d20, 0x0000000119875f90]
Event: 25.865 Thread 0x00007f9fb6021a00 4524       3       javafx.scene.Node$$Lambda$249/0x0000000800df46a8::dispatchEvent (10 bytes)

GC Heap History (12 events):
Event: 0.423 GC heap before
{Heap before GC invocations=0 (full 0):
 garbage-first heap   total 266240K, used 24532K [0x0000000700000000, 0x0000000800000000)
  region size 2048K, 11 young (22528K), 0 survivors (0K)
 Metaspace       used 5654K, committed 5888K, reserved 1056768K
  class space    used 528K, committed 640K, reserved 1048576K
}
Event: 0.426 GC heap after
{Heap after GC invocations=1 (full 0):
 garbage-first heap   total 266240K, used 5059K [0x0000000700000000, 0x0000000800000000)
  region size 2048K, 2 young (4096K), 2 survivors (4096K)
 Metaspace       used 5654K, committed 5888K, reserved 1056768K
  class space    used 528K, committed 640K, reserved 1048576K
}
Event: 1.386 GC heap before
{Heap before GC invocations=1 (full 0):
 garbage-first heap   total 266240K, used 58307K [0x0000000700000000, 0x0000000800000000)
  region size 2048K, 28 young (57344K), 2 survivors (4096K)
 Metaspace       used 16879K, committed 17216K, reserved 1064960K
  class space    used 2293K, committed 2432K, reserved 1048576K
}
Event: 1.395 GC heap after
{Heap after GC invocations=2 (full 0):
 garbage-first heap   total 266240K, used 10520K [0x0000000700000000, 0x0000000800000000)
  region size 2048K, 4 young (8192K), 4 survivors (8192K)
 Metaspace       used 16879K, committed 17216K, reserved 1064960K
  class space    used 2293K, committed 2432K, reserved 1048576K
}
Event: 1.587 GC heap before
{Heap before GC invocations=2 (full 0):
 garbage-first heap   total 266240K, used 24856K [0x0000000700000000, 0x0000000800000000)
  region size 2048K, 12 young (24576K), 4 survivors (8192K)
 Metaspace       used 21247K, committed 21504K, reserved 1073152K
  class space    used 2836K, committed 2944K, reserved 1048576K
}
Event: 1.593 GC heap after
{Heap after GC invocations=3 (full 0):
 garbage-first heap   total 266240K, used 13077K [0x0000000700000000, 0x0000000800000000)
  region size 2048K, 6 young (12288K), 6 survivors (12288K)
 Metaspace       used 21247K, committed 21504K, reserved 1073152K
  class space    used 2836K, committed 2944K, reserved 1048576K
}
Event: 11.407 GC heap before
{Heap before GC invocations=4 (full 0):
 garbage-first heap   total 69632K, used 43797K [0x0000000700000000, 0x0000000800000000)
  region size 2048K, 20 young (40960K), 6 survivors (12288K)
 Metaspace       used 23410K, committed 23744K, reserved 1073152K
  class space    used 2991K, committed 3200K, reserved 1048576K
}
Event: 11.416 GC heap after
{Heap after GC invocations=5 (full 0):
 garbage-first heap   total 69632K, used 18417K [0x0000000700000000, 0x0000000800000000)
  region size 2048K, 2 young (4096K), 2 survivors (4096K)
 Metaspace       used 23410K, committed 23744K, reserved 1073152K
  class space    used 2991K, committed 3200K, reserved 1048576K
}
Event: 13.585 GC heap before
{Heap before GC invocations=5 (full 0):
 garbage-first heap   total 69632K, used 20465K [0x0000000700000000, 0x0000000800000000)
  region size 2048K, 3 young (6144K), 2 survivors (4096K)
 Metaspace       used 23454K, committed 23808K, reserved 1073152K
  class space    used 2991K, committed 3200K, reserved 1048576K
}
Event: 13.589 GC heap after
{Heap after GC invocations=6 (full 0):
 garbage-first heap   total 69632K, used 18901K [0x0000000700000000, 0x0000000800000000)
  region size 2048K, 1 young (2048K), 1 survivors (2048K)
 Metaspace       used 23454K, committed 23808K, reserved 1073152K
  class space    used 2991K, committed 3200K, reserved 1048576K
}
Event: 19.343 GC heap before
{Heap before GC invocations=6 (full 0):
 garbage-first heap   total 69632K, used 47573K [0x0000000700000000, 0x0000000800000000)
  region size 2048K, 11 young (22528K), 1 survivors (2048K)
 Metaspace       used 25569K, committed 25920K, reserved 1073152K
  class space    used 3406K, committed 3584K, reserved 1048576K
}
Event: 19.344 GC heap after
{Heap after GC invocations=7 (full 0):
 garbage-first heap   total 69632K, used 25349K [0x0000000700000000, 0x0000000800000000)
  region size 2048K, 1 young (2048K), 1 survivors (2048K)
 Metaspace       used 25569K, committed 25920K, reserved 1073152K
  class space    used 3406K, committed 3584K, reserved 1048576K
}

Deoptimization events (20 events):
Event: 19.405 Thread 0x00007f9fb601fa00 Uncommon trap: trap_request=0xffffff45 fr.pc=0x0000000120629e18 relative=0x00000000000000d8
Event: 19.405 Thread 0x00007f9fb601fa00 Uncommon trap: reason=unstable_if action=reinterpret pc=0x0000000120629e18 method=com.sun.javafx.sg.prism.NGNode.render(Lcom/sun/prism/Graphics;)V @ 29 c2
Event: 19.405 Thread 0x00007f9fb601fa00 DEOPT PACKING pc=0x0000000120629e18 sp=0x00007000088b77c0
Event: 19.405 Thread 0x00007f9fb601fa00 DEOPT UNPACKING pc=0x0000000118a73099 sp=0x00007000088b7780 mode 2
Event: 19.406 Thread 0x00007f9fb601fa00 Uncommon trap: trap_request=0xffffff45 fr.pc=0x0000000120661a60 relative=0x00000000000003c0
Event: 19.406 Thread 0x00007f9fb601fa00 Uncommon trap: reason=unstable_if action=reinterpret pc=0x0000000120661a60 method=com.sun.javafx.sg.prism.NGNode.render(Lcom/sun/prism/Graphics;)V @ 20 c2
Event: 19.406 Thread 0x00007f9fb601fa00 DEOPT PACKING pc=0x0000000120661a60 sp=0x00007000088b8320
Event: 19.406 Thread 0x00007f9fb601fa00 DEOPT UNPACKING pc=0x0000000118a73099 sp=0x00007000088b8230 mode 2
Event: 19.406 Thread 0x00007f9fb601fa00 Uncommon trap: trap_request=0xffffff45 fr.pc=0x0000000120661a60 relative=0x00000000000003c0
Event: 19.406 Thread 0x00007f9fb601fa00 Uncommon trap: reason=unstable_if action=reinterpret pc=0x0000000120661a60 method=com.sun.javafx.sg.prism.NGNode.render(Lcom/sun/prism/Graphics;)V @ 20 c2
Event: 19.406 Thread 0x00007f9fb601fa00 DEOPT PACKING pc=0x0000000120661a60 sp=0x00007000088b9030
Event: 19.406 Thread 0x00007f9fb601fa00 DEOPT UNPACKING pc=0x0000000118a73099 sp=0x00007000088b8f40 mode 2
Event: 19.430 Thread 0x00007f9fb601fa00 Uncommon trap: trap_request=0xffffff45 fr.pc=0x000000012068f580 relative=0x0000000000000280
Event: 19.430 Thread 0x00007f9fb601fa00 Uncommon trap: reason=unstable_if action=reinterpret pc=0x000000012068f580 method=com.sun.javafx.geom.transform.AffineBase.calculateType()I @ 468 c2
Event: 19.430 Thread 0x00007f9fb601fa00 DEOPT PACKING pc=0x000000012068f580 sp=0x00007000088b7dc0
Event: 19.430 Thread 0x00007f9fb601fa00 DEOPT UNPACKING pc=0x0000000118a73099 sp=0x00007000088b7d60 mode 2
Event: 19.448 Thread 0x00007f9fb601fa00 Uncommon trap: trap_request=0xffffff45 fr.pc=0x0000000120661a60 relative=0x00000000000003c0
Event: 19.448 Thread 0x00007f9fb601fa00 Uncommon trap: reason=unstable_if action=reinterpret pc=0x0000000120661a60 method=com.sun.javafx.sg.prism.NGNode.render(Lcom/sun/prism/Graphics;)V @ 20 c2
Event: 19.448 Thread 0x00007f9fb601fa00 DEOPT PACKING pc=0x0000000120661a60 sp=0x00007000088b9780
Event: 19.448 Thread 0x00007f9fb601fa00 DEOPT UNPACKING pc=0x0000000118a73099 sp=0x00007000088b9690 mode 2

Classes unloaded (0 events):
No events

Classes redefined (0 events):
No events

Internal exceptions (20 events):
Event: 1.551 Thread 0x00007f9fb380d800 Exception <a 'java/lang/IncompatibleClassChangeError'{0x000000070f5f5f48}: Found class java.lang.Object, but interface was expected> (0x000000070f5f5f48) 
thrown [open/src/hotspot/share/interpreter/linkResolver.cpp, line 833]
Event: 1.563 Thread 0x00007f9fb69c4800 Exception <a 'java/net/ConnectException'{0x000000070f2246f0}> (0x000000070f2246f0) 
thrown [open/src/hotspot/share/prims/jni.cpp, line 516]
Event: 4.771 Thread 0x00007f9fb380d800 Exception <a 'java/lang/NoSuchMethodError'{0x0000000702eb0ee0}: 'java.lang.Object java.lang.invoke.DirectMethodHandle$Holder.newInvokeSpecial(java.lang.Object, java.lang.Object, java.lang.Object, int, java.lang.Object, java.lang.Object, java.lang.Object, int)'> (0x0000000702eb0ee0) 
thrown [open/src/hotspot/share/interpreter/linkResolver.cpp, line 766]
Event: 7.448 Thread 0x00007f9fb380d800 Exception <a 'java/lang/UnsatisfiedLinkError'{0x0000000702c859f0}: 'boolean com.sun.media.jfxmediaimpl.NativeAudioClip.nacInit()'> (0x0000000702c859f0) 
thrown [open/src/hotspot/share/prims/nativeLookup.cpp, line 543]
Event: 7.451 Thread 0x00007f9fb380d800 Exception <a 'java/lang/UnsatisfiedLinkError'{0x0000000702c8a9d0}: 'void com.sun.media.jfxmedia.logging.Logger.nativeSetNativeLevel(int)'> (0x0000000702c8a9d0) 
thrown [open/src/hotspot/share/prims/nativeLookup.cpp, line 543]
Event: 7.516 Thread 0x00007f9fb380d800 Implicit null exception at 0x0000000120510354 to 0x0000000120510978
Event: 7.516 Thread 0x00007f9fb380d800 Implicit null exception at 0x000000012050f754 to 0x000000012050fd68
Event: 7.537 Thread 0x00007f9fb380d800 Exception <a 'java/io/FileNotFoundException'{0x0000000702b4cbb8}> (0x0000000702b4cbb8) 
thrown [open/src/hotspot/share/prims/jni.cpp, line 516]
Event: 7.540 Thread 0x00007f9fb617be00 Exception <a 'sun/nio/fs/UnixException'{0x0000000702b9be40}> (0x0000000702b9be40) 
thrown [open/src/hotspot/share/prims/jni.cpp, line 516]
Event: 7.540 Thread 0x00007f9fb617be00 Exception <a 'sun/nio/fs/UnixException'{0x0000000702b9d040}> (0x0000000702b9d040) 
thrown [open/src/hotspot/share/prims/jni.cpp, line 516]
Event: 7.540 Thread 0x00007f9fb617be00 Exception <a 'sun/nio/fs/UnixException'{0x0000000702b9e240}> (0x0000000702b9e240) 
thrown [open/src/hotspot/share/prims/jni.cpp, line 516]
Event: 7.541 Thread 0x00007f9fb617be00 Exception <a 'sun/nio/fs/UnixException'{0x0000000702b9f448}> (0x0000000702b9f448) 
thrown [open/src/hotspot/share/prims/jni.cpp, line 516]
Event: 7.541 Thread 0x00007f9fb617be00 Exception <a 'sun/nio/fs/UnixException'{0x0000000702ba0670}> (0x0000000702ba0670) 
thrown [open/src/hotspot/share/prims/jni.cpp, line 516]
Event: 9.069 Thread 0x00007f9fb380d800 Exception <a 'java/io/FileNotFoundException'{0x00000007025bc248}> (0x00000007025bc248) 
thrown [open/src/hotspot/share/prims/jni.cpp, line 516]
Event: 9.070 Thread 0x00007f9fb380d800 Implicit null exception at 0x0000000120652cd0 to 0x0000000120652d50
Event: 19.254 Thread 0x00007f9fb380d800 Exception <a 'java/lang/NoSuchMethodError'{0x0000000702c0e3a8}: 'void java.lang.invoke.DirectMethodHandle$Holder.invokeSpecial(java.lang.Object, java.lang.Object, java.lang.Object, java.lang.Object, java.lang.Object, java.lang.Object)'> (0x0000000702c0e3a8) 
thrown [open/src/hotspot/share/interpreter/linkResolver.cpp, line 766]
Event: 19.296 Thread 0x00007f9fb380d800 Exception <a 'java/lang/NoSuchMethodError'{0x0000000702a7a800}: 'java.lang.Object java.lang.invoke.DirectMethodHandle$Holder.newInvokeSpecial(java.lang.Object, java.lang.Object, int, int)'> (0x0000000702a7a800) 
thrown [open/src/hotspot/share/interpreter/linkResolver.cpp, line 766]
Event: 19.311 Thread 0x00007f9fb601fa00 Implicit null exception at 0x0000000120688cc0 to 0x000000012068a71e
Event: 19.311 Thread 0x00007f9fb601fa00 Implicit null exception at 0x00000001206535e8 to 0x00000001206539e8
Event: 19.429 Thread 0x00007f9fb601fa00 Exception <a 'java/lang/NoSuchMethodError'{0x000000070fe21758}: 'java.lang.Object java.lang.invoke.DirectMethodHandle$Holder.invokeStaticInit(java.lang.Object, int)'> (0x000000070fe21758) 
thrown [open/src/hotspot/share/interpreter/linkResolver.cpp, line 766]

VM Operations (20 events):
Event: 19.247 Executing VM operation: HandshakeAllThreads
Event: 19.247 Executing VM operation: HandshakeAllThreads done
Event: 19.248 Executing VM operation: HandshakeAllThreads
Event: 19.248 Executing VM operation: HandshakeAllThreads done
Event: 19.249 Executing VM operation: HandshakeAllThreads
Event: 19.249 Executing VM operation: HandshakeAllThreads done
Event: 19.283 Executing VM operation: ICBufferFull
Event: 19.283 Executing VM operation: ICBufferFull done
Event: 19.342 Executing VM operation: G1TryInitiateConcMark
Event: 19.344 Executing VM operation: G1TryInitiateConcMark done
Event: 20.348 Executing VM operation: Cleanup
Event: 20.348 Executing VM operation: Cleanup done
Event: 22.354 Executing VM operation: Cleanup
Event: 22.354 Executing VM operation: Cleanup done
Event: 23.358 Executing VM operation: Cleanup
Event: 23.358 Executing VM operation: Cleanup done
Event: 24.358 Executing VM operation: Cleanup
Event: 24.358 Executing VM operation: Cleanup done
Event: 25.359 Executing VM operation: Cleanup
Event: 25.359 Executing VM operation: Cleanup done

Events (20 events):
Event: 19.135 loading class java/io/PrintWriter
Event: 19.135 loading class java/io/PrintWriter done
Event: 19.135 loading class java/lang/Throwable$WrappedPrintWriter
Event: 19.135 loading class java/lang/Throwable$PrintStreamOrWriter
Event: 19.135 loading class java/lang/Throwable$PrintStreamOrWriter done
Event: 19.135 loading class java/lang/Throwable$WrappedPrintWriter done
Event: 19.136 loading class java/lang/StackTraceElement$HashedModules
Event: 19.136 loading class java/lang/StackTraceElement$HashedModules done
Event: 19.293 loading class java/lang/FdLibm$Hypot
Event: 19.293 loading class java/lang/FdLibm$Hypot done
Event: 19.293 loading class java/lang/FdLibm
Event: 19.293 loading class java/lang/FdLibm done
Event: 19.717 Protecting memory [0x00007000098f1000,0x00007000098f5000] with protection modes 3
Event: 19.718 Thread 0x00007f9fb69d4800 Thread exited: 0x00007f9fb69d4800
Event: 19.805 Protecting memory [0x000070000a08c000,0x000070000a090000] with protection modes 0
Event: 19.805 Thread 0x00007f9fb610de00 Thread added: 0x00007f9fb610de00
Event: 19.805 Protecting memory [0x000070000a08c000,0x000070000a090000] with protection modes 3
Event: 19.805 Thread 0x00007f9fb610de00 Thread exited: 0x00007f9fb610de00
Event: 19.806 Protecting memory [0x0000700007a91000,0x0000700007a95000] with protection modes 3
Event: 19.806 Thread 0x00007f9fb4879a00 Thread exited: 0x00007f9fb4879a00


Dynamic libraries:
0x000000010f1f2000 	/Library/Java/JavaVirtualMachines/jdk-17.0.2.jdk/Contents/Home/lib/libjli.dylib
0x00007ff812307000 	/usr/lib/libz.1.dylib
0x00007ff8123eb000 	/usr/lib/libSystem.B.dylib
0x00007ff8123e6000 	/usr/lib/system/libcache.dylib
0x00007ff8123a1000 	/usr/lib/system/libcommonCrypto.dylib
0x00007ff8123ca000 	/usr/lib/system/libcompiler_rt.dylib
0x00007ff8123c0000 	/usr/lib/system/libcopyfile.dylib
0x00007ff806580000 	/usr/lib/system/libcorecrypto.dylib
0x00007ff806642000 	/usr/lib/system/libdispatch.dylib
0x00007ff8067ca000 	/usr/lib/system/libdyld.dylib
0x00007ff8123dc000 	/usr/lib/system/libkeymgr.dylib
0x00007ff812380000 	/usr/lib/system/libmacho.dylib
0x00007ff811974000 	/usr/lib/system/libquarantine.dylib
0x00007ff8123da000 	/usr/lib/system/libremovefile.dylib
0x00007ff80b455000 	/usr/lib/system/libsystem_asl.dylib
0x00007ff806522000 	/usr/lib/system/libsystem_blocks.dylib
0x00007ff80668c000 	/usr/lib/system/libsystem_c.dylib
0x00007ff8123d2000 	/usr/lib/system/libsystem_collections.dylib
0x00007ff810c08000 	/usr/lib/system/libsystem_configuration.dylib
0x00007ff80fc96000 	/usr/lib/system/libsystem_containermanager.dylib
0x00007ff812051000 	/usr/lib/system/libsystem_coreservices.dylib
0x00007ff8094e1000 	/usr/lib/system/libsystem_darwin.dylib
0x00007ff8123dd000 	/usr/lib/system/libsystem_dnssd.dylib
0x00007ff806689000 	/usr/lib/system/libsystem_featureflags.dylib
0x00007ff8067f5000 	/usr/lib/system/libsystem_info.dylib
0x00007ff81231a000 	/usr/lib/system/libsystem_m.dylib
0x00007ff806615000 	/usr/lib/system/libsystem_malloc.dylib
0x00007ff80b3e4000 	/usr/lib/system/libsystem_networkextension.dylib
0x00007ff809922000 	/usr/lib/system/libsystem_notify.dylib
0x00007ff810c0c000 	/usr/lib/system/libsystem_sandbox.dylib
0x00007ff8123d7000 	/usr/lib/system/libsystem_secinit.dylib
0x00007ff806784000 	/usr/lib/system/libsystem_kernel.dylib
0x00007ff8067eb000 	/usr/lib/system/libsystem_platform.dylib
0x00007ff8067be000 	/usr/lib/system/libsystem_pthread.dylib
0x00007ff80cda5000 	/usr/lib/system/libsystem_symptoms.dylib
0x00007ff806566000 	/usr/lib/system/libsystem_trace.dylib
0x00007ff8123ad000 	/usr/lib/system/libunwind.dylib
0x00007ff806526000 	/usr/lib/system/libxpc.dylib
0x00007ff80676e000 	/usr/lib/libc++abi.dylib
0x00007ff806451000 	/usr/lib/libobjc.A.dylib
0x00007ff8123b8000 	/usr/lib/liboah.dylib
0x00007ff806715000 	/usr/lib/libc++.1.dylib
0x00007ff81e72c000 	/System/Library/Frameworks/Cocoa.framework/Versions/A/Cocoa
0x00007ff809981000 	/System/Library/Frameworks/AppKit.framework/Versions/C/AppKit
0x00007ff80c531000 	/System/Library/Frameworks/CoreData.framework/Versions/A/CoreData
0x00007ff807696000 	/System/Library/Frameworks/Foundation.framework/Versions/C/Foundation
0x00007ff80a986000 	/System/Library/PrivateFrameworks/UIFoundation.framework/Versions/A/UIFoundation
0x00007ffb06965000 	/System/Library/PrivateFrameworks/CollectionViewCore.framework/Versions/A/CollectionViewCore
0x00007ff818740000 	/System/Library/PrivateFrameworks/RemoteViewServices.framework/Versions/A/RemoteViewServices
0x00007ff81045b000 	/System/Library/PrivateFrameworks/XCTTargetBootstrap.framework/Versions/A/XCTTargetBootstrap
0x00007ff81425a000 	/System/Library/PrivateFrameworks/InternationalSupport.framework/Versions/A/InternationalSupport
0x00007ff8142e3000 	/System/Library/PrivateFrameworks/UserActivity.framework/Versions/A/UserActivity
0x00007ffb1c69a000 	/System/Library/PrivateFrameworks/WindowManagement.framework/Versions/A/WindowManagement
0x00007ff807382000 	/System/Library/Frameworks/SystemConfiguration.framework/Versions/A/SystemConfiguration
0x00007ff813653000 	/usr/lib/libspindump.dylib
0x00007ff80ab53000 	/System/Library/Frameworks/UniformTypeIdentifiers.framework/Versions/A/UniformTypeIdentifiers
0x00007ff80e952000 	/usr/lib/libapp_launch_measurement.dylib
0x00007ff80dadc000 	/System/Library/PrivateFrameworks/CoreAnalytics.framework/Versions/A/CoreAnalytics
0x00007ff80e955000 	/System/Library/PrivateFrameworks/CoreAutoLayout.framework/Versions/A/CoreAutoLayout
0x00007ff80fce2000 	/System/Library/Frameworks/Metal.framework/Versions/A/Metal
0x00007ff810c17000 	/usr/lib/liblangid.dylib
0x00007ff810460000 	/System/Library/PrivateFrameworks/CoreSVG.framework/Versions/A/CoreSVG
0x00007ff80b487000 	/System/Library/PrivateFrameworks/SkyLight.framework/Versions/A/SkyLight
0x00007ff80b870000 	/System/Library/Frameworks/CoreGraphics.framework/Versions/A/CoreGraphics
0x00007ff818e1a000 	/System/Library/Frameworks/Accelerate.framework/Versions/A/Accelerate
0x00007ff8130c8000 	/System/Library/PrivateFrameworks/IconServices.framework/Versions/A/IconServices
0x00007ff80fcc5000 	/System/Library/Frameworks/IOSurface.framework/Versions/A/IOSurface
0x00007ff80db05000 	/usr/lib/libDiagnosticMessagesClient.dylib
0x00007ff81c359000 	/System/Library/Frameworks/ApplicationServices.framework/Versions/A/ApplicationServices
0x00007ff810447000 	/System/Library/PrivateFrameworks/DFRFoundation.framework/Versions/A/DFRFoundation
0x00007ff80924d000 	/usr/lib/libicucore.A.dylib
0x00007ff8150fa000 	/System/Library/Frameworks/AudioToolbox.framework/Versions/A/AudioToolbox
0x00007ff814265000 	/System/Library/PrivateFrameworks/DataDetectorsCore.framework/Versions/A/DataDetectorsCore
0x00007ff90b715000 	/System/Library/PrivateFrameworks/TextInput.framework/Versions/A/TextInput
0x00007ff80b3fc000 	/usr/lib/libMobileGestalt.dylib
0x00007ff81014f000 	/System/Library/Frameworks/Carbon.framework/Versions/A/Frameworks/HIToolbox.framework/Versions/A/HIToolbox
0x00007ff80e2f6000 	/System/Library/Frameworks/QuartzCore.framework/Versions/A/QuartzCore
0x00007ff808ecd000 	/System/Library/Frameworks/Security.framework/Versions/A/Security
0x00007ff818778000 	/System/Library/Frameworks/Carbon.framework/Versions/A/Frameworks/SpeechRecognition.framework/Versions/A/SpeechRecognition
0x00007ff80e692000 	/System/Library/PrivateFrameworks/CoreUI.framework/Versions/A/CoreUI
0x00007ff8087d2000 	/System/Library/Frameworks/CoreAudio.framework/Versions/A/CoreAudio
0x00007ff80dbdf000 	/System/Library/Frameworks/DiskArbitration.framework/Versions/A/DiskArbitration
0x00007ff813a74000 	/System/Library/PrivateFrameworks/MultitouchSupport.framework/Versions/A/MultitouchSupport
0x00007ff80b3fb000 	/usr/lib/libenergytrace.dylib
0x00007ff809863000 	/System/Library/Frameworks/IOKit.framework/Versions/A/IOKit
0x00007ff818b71000 	/System/Library/Frameworks/CoreServices.framework/Versions/A/CoreServices
0x00007ff80e8ea000 	/System/Library/PrivateFrameworks/PerformanceAnalysis.framework/Versions/A/PerformanceAnalysis
0x00007ffa1ab6d000 	/System/Library/Frameworks/OpenGL.framework/Versions/A/OpenGL
0x00007ff80e99d000 	/usr/lib/libxml2.2.dylib
0x00007ff811888000 	/System/Library/PrivateFrameworks/MobileKeyBag.framework/Versions/A/MobileKeyBag
0x00007ff80bf93000 	/System/Library/Frameworks/ColorSync.framework/Versions/A/ColorSync
0x00007ff806820000 	/System/Library/Frameworks/CoreFoundation.framework/Versions/A/CoreFoundation
0x00007ff8107f9000 	/System/Library/Frameworks/CoreImage.framework/Versions/A/CoreImage
0x00007ff8085e3000 	/System/Library/Frameworks/CoreText.framework/Versions/A/CoreText
0x00007ff81049b000 	/System/Library/Frameworks/ImageIO.framework/Versions/A/ImageIO
0x00007ff8123f1000 	/System/Library/PrivateFrameworks/SoftLinking.framework/Versions/A/SoftLinking
0x00007ff812672000 	/usr/lib/libcompression.dylib
0x00007ff81418c000 	/System/Library/PrivateFrameworks/TextureIO.framework/Versions/A/TextureIO
0x00007ff812d90000 	/usr/lib/libate.dylib
0x00007ff812b3e000 	/usr/lib/liblzma.5.dylib
0x00007ff8123ed000 	/usr/lib/libfakelink.dylib
0x00007ff80b03f000 	/System/Library/Frameworks/CFNetwork.framework/Versions/A/CFNetwork
0x00007ff81252a000 	/usr/lib/libarchive.2.dylib
0x00007ff816a29000 	/System/Library/Frameworks/Combine.framework/Versions/A/Combine
0x00007ff814b72000 	/usr/lib/swift/libswiftCore.dylib
0x00007ff90878f000 	/usr/lib/swift/libswiftCoreFoundation.dylib
0x00007ff906791000 	/usr/lib/swift/libswiftDarwin.dylib
0x00007ff81a394000 	/usr/lib/swift/libswiftDispatch.dylib
0x00007ff9087ab000 	/usr/lib/swift/libswiftIOKit.dylib
0x00007ff81c782000 	/usr/lib/swift/libswiftObjectiveC.dylib
0x00007ff9087a0000 	/usr/lib/swift/libswiftXPC.dylib
0x00007ffb22f16000 	/usr/lib/swift/libswift_Concurrency.dylib
0x00007ffb23055000 	/usr/lib/swift/libswift_StringProcessing.dylib
0x00007ff81c786000 	/usr/lib/swift/libswiftos.dylib
0x00007ff8097e8000 	/System/Library/PrivateFrameworks/CoreServicesInternal.framework/Versions/A/CoreServicesInternal
0x00007ff81199b000 	/usr/lib/libbsm.0.dylib
0x00007ff812385000 	/usr/lib/system/libkxld.dylib
0x00007ff80e91e000 	/System/Library/Frameworks/CoreServices.framework/Versions/A/Frameworks/FSEvents.framework/Versions/A/FSEvents
0x00007ff8094ec000 	/System/Library/Frameworks/CoreServices.framework/Versions/A/Frameworks/CarbonCore.framework/Versions/A/CarbonCore
0x00007ff80db48000 	/System/Library/Frameworks/CoreServices.framework/Versions/A/Frameworks/Metadata.framework/Versions/A/Metadata
0x00007ff812057000 	/System/Library/Frameworks/CoreServices.framework/Versions/A/Frameworks/OSServices.framework/Versions/A/OSServices
0x00007ff8125b2000 	/System/Library/Frameworks/CoreServices.framework/Versions/A/Frameworks/SearchKit.framework/Versions/A/SearchKit
0x00007ff80cd2c000 	/System/Library/Frameworks/CoreServices.framework/Versions/A/Frameworks/AE.framework/Versions/A/AE
0x00007ff806cb9000 	/System/Library/Frameworks/CoreServices.framework/Versions/A/Frameworks/LaunchServices.framework/Versions/A/LaunchServices
0x00007ff812aef000 	/System/Library/Frameworks/CoreServices.framework/Versions/A/Frameworks/DictionaryServices.framework/Versions/A/DictionaryServices
0x00007ff80e92b000 	/System/Library/Frameworks/CoreServices.framework/Versions/A/Frameworks/SharedFileList.framework/Versions/A/SharedFileList
0x00007ff81263e000 	/usr/lib/libapple_nghttp2.dylib
0x00007ff80b03b000 	/usr/lib/libnetwork.dylib
0x00007ff80c9a7000 	/usr/lib/libsqlite3.dylib
0x00007ff80cdad000 	/System/Library/Frameworks/Network.framework/Versions/A/Network
0x00007ffb21f42000 	/usr/lib/libCoreEntitlements.dylib
0x00007ffb0fc97000 	/System/Library/PrivateFrameworks/MessageSecurity.framework/Versions/A/MessageSecurity
0x00007ff80c98e000 	/System/Library/PrivateFrameworks/ProtocolBuffer.framework/Versions/A/ProtocolBuffer
0x00007ff812031000 	/System/Library/PrivateFrameworks/AppleFSCompression.framework/Versions/A/AppleFSCompression
0x00007ff811983000 	/usr/lib/libcoretls.dylib
0x00007ff812b58000 	/usr/lib/libcoretls_cfhelpers.dylib
0x00007ff81266d000 	/usr/lib/libpam.2.dylib
0x00007ff812bc5000 	/usr/lib/libxar.1.dylib
0x00007ff8130a4000 	/usr/lib/libheimdal-asn1.dylib
0x00007ff8123f2000 	/usr/lib/libpcap.A.dylib
0x00007ff80cd9c000 	/usr/lib/libdns_services.dylib
0x00007ff810c13000 	/System/Library/PrivateFrameworks/AppleSystemInfo.framework/Versions/A/AppleSystemInfo
0x00007ff811692000 	/System/Library/PrivateFrameworks/IOMobileFramebuffer.framework/Versions/A/IOMobileFramebuffer
0x00007ff812041000 	/usr/lib/libbz2.1.0.dylib
0x00007ff811977000 	/usr/lib/libCheckFix.dylib
0x00007ff80b46c000 	/System/Library/PrivateFrameworks/TCC.framework/Versions/A/TCC
0x00007ff810c19000 	/System/Library/PrivateFrameworks/CoreNLP.framework/Versions/A/CoreNLP
0x00007ff80db07000 	/System/Library/PrivateFrameworks/MetadataUtilities.framework/Versions/A/MetadataUtilities
0x00007ff8119ab000 	/usr/lib/libmecab.dylib
0x00007ff807401000 	/usr/lib/libCRFSuite.dylib
0x00007ff811a05000 	/usr/lib/libgermantok.dylib
0x00007ff812619000 	/usr/lib/libThaiTokenizer.dylib
0x00007ff80dbe7000 	/System/Library/Frameworks/Accelerate.framework/Versions/A/Frameworks/vImage.framework/Versions/A/vImage
0x00007ff818b44000 	/System/Library/Frameworks/Accelerate.framework/Versions/A/Frameworks/vecLib.framework/Versions/A/vecLib
0x00007ff812c07000 	/System/Library/Frameworks/Accelerate.framework/Versions/A/Frameworks/vecLib.framework/Versions/A/libvMisc.dylib
0x00007ff8114b7000 	/System/Library/Frameworks/Accelerate.framework/Versions/A/Frameworks/vecLib.framework/Versions/A/libvDSP.dylib
0x00007ff807073000 	/System/Library/Frameworks/Accelerate.framework/Versions/A/Frameworks/vecLib.framework/Versions/A/libBLAS.dylib
0x00007ff812750000 	/System/Library/Frameworks/Accelerate.framework/Versions/A/Frameworks/vecLib.framework/Versions/A/libLAPACK.dylib
0x00007ff811a08000 	/System/Library/Frameworks/Accelerate.framework/Versions/A/Frameworks/vecLib.framework/Versions/A/libLinearAlgebra.dylib
0x00007ff812656000 	/System/Library/Frameworks/Accelerate.framework/Versions/A/Frameworks/vecLib.framework/Versions/A/libSparseBLAS.dylib
0x00007ff81274a000 	/System/Library/Frameworks/Accelerate.framework/Versions/A/Frameworks/vecLib.framework/Versions/A/libQuadrature.dylib
0x00007ff810d06000 	/System/Library/Frameworks/Accelerate.framework/Versions/A/Frameworks/vecLib.framework/Versions/A/libBNNS.dylib
0x00007ff80730b000 	/System/Library/Frameworks/Accelerate.framework/Versions/A/Frameworks/vecLib.framework/Versions/A/libSparse.dylib
0x00007ffb0efd4000 	/System/Library/PrivateFrameworks/MIL.framework/Versions/A/MIL
0x00007ff812427000 	/usr/lib/libiconv.2.dylib
0x00007ff81237f000 	/usr/lib/libcharset.1.dylib
0x00007ff80e902000 	/System/Library/Frameworks/OpenDirectory.framework/Versions/A/Frameworks/CFOpenDirectory.framework/Versions/A/CFOpenDirectory
0x00007ff80e8f6000 	/System/Library/Frameworks/OpenDirectory.framework/Versions/A/OpenDirectory
0x00007ff812b5a000 	/System/Library/PrivateFrameworks/APFS.framework/Versions/A/APFS
0x00007ff8118bb000 	/System/Library/Frameworks/SecurityFoundation.framework/Versions/A/SecurityFoundation
0x00007ff812bd3000 	/usr/lib/libutil.dylib
0x00007ffb0e1da000 	/System/Library/PrivateFrameworks/InstalledContentLibrary.framework/Versions/A/InstalledContentLibrary
0x00007ff809827000 	/System/Library/PrivateFrameworks/CoreServicesStore.framework/Versions/A/CoreServicesStore
0x00007ffa254cc000 	/System/Library/PrivateFrameworks/AppleMobileFileIntegrity.framework/Versions/A/AppleMobileFileIntegrity
0x00007ff90876f000 	/usr/lib/libmis.dylib
0x00007ff916c3b000 	/System/Library/PrivateFrameworks/MobileSystemServices.framework/Versions/A/MobileSystemServices
0x00007ffa10a43000 	/System/Library/PrivateFrameworks/ConfigProfileHelper.framework/Versions/A/ConfigProfileHelper
0x00007ff81261b000 	/System/Library/PrivateFrameworks/AppleSauce.framework/Versions/A/AppleSauce
0x00007ff8080a8000 	/System/Library/PrivateFrameworks/LanguageModeling.framework/Versions/A/LanguageModeling
0x00007ff812bd7000 	/usr/lib/libxslt.1.dylib
0x00007ff812519000 	/usr/lib/libcmph.dylib
0x00007ff811680000 	/System/Library/PrivateFrameworks/CoreEmoji.framework/Versions/A/CoreEmoji
0x00007ff810d00000 	/System/Library/PrivateFrameworks/LinguisticData.framework/Versions/A/LinguisticData
0x00007ff8072c1000 	/System/Library/PrivateFrameworks/Lexicon.framework/Versions/A/Lexicon
0x00007ff811949000 	/System/Library/PrivateFrameworks/BackgroundTaskManagement.framework/Versions/A/BackgroundTaskManagement
0x00007ffb22078000 	/usr/lib/libTLE.dylib
0x00007ffb22f9a000 	/usr/lib/swift/libswift_RegexParser.dylib
0x00007ff81393a000 	/System/Library/PrivateFrameworks/AppleJPEG.framework/Versions/A/AppleJPEG
0x00007ff813089000 	/usr/lib/libexpat.1.dylib
0x00007ff813fe8000 	/System/Library/Frameworks/ImageIO.framework/Versions/A/Resources/libPng.dylib
0x00007ff814015000 	/System/Library/Frameworks/ImageIO.framework/Versions/A/Resources/libTIFF.dylib
0x00007ff814106000 	/System/Library/Frameworks/ImageIO.framework/Versions/A/Resources/libGIF.dylib
0x00007ff813985000 	/System/Library/Frameworks/ImageIO.framework/Versions/A/Resources/libJP2.dylib
0x00007ff8140a6000 	/System/Library/Frameworks/ImageIO.framework/Versions/A/Resources/libJPEG.dylib
0x00007ff81409d000 	/System/Library/Frameworks/ImageIO.framework/Versions/A/Resources/libRadiance.dylib
0x00007ff80ffe5000 	/System/Library/PrivateFrameworks/FontServices.framework/libFontParser.dylib
0x00007ff80ccd2000 	/System/Library/PrivateFrameworks/RunningBoardServices.framework/Versions/A/RunningBoardServices
0x00007ff81ed62000 	/System/Library/PrivateFrameworks/IOSurfaceAccelerator.framework/Versions/A/IOSurfaceAccelerator
0x00007ff813a70000 	/System/Library/PrivateFrameworks/WatchdogClient.framework/Versions/A/WatchdogClient
0x00007ff80820a000 	/System/Library/Frameworks/CoreDisplay.framework/Versions/A/CoreDisplay
0x00007ff80fed5000 	/System/Library/Frameworks/CoreMedia.framework/Versions/A/CoreMedia
0x00007ff80fcd9000 	/System/Library/PrivateFrameworks/IOAccelerator.framework/Versions/A/IOAccelerator
0x00007ff80ea7c000 	/System/Library/Frameworks/CoreVideo.framework/Versions/A/CoreVideo
0x00007ff81266b000 	/System/Library/Frameworks/MetalPerformanceShaders.framework/Versions/A/MetalPerformanceShaders
0x00007ff813aad000 	/System/Library/Frameworks/VideoToolbox.framework/Versions/A/VideoToolbox
0x00007ff80cc17000 	/System/Library/PrivateFrameworks/BaseBoard.framework/Versions/A/BaseBoard
0x00007ff814096000 	/System/Library/PrivateFrameworks/GPUWrangler.framework/Versions/A/GPUWrangler
0x00007ff81407a000 	/System/Library/PrivateFrameworks/IOPresentment.framework/Versions/A/IOPresentment
0x00007ff8140a0000 	/System/Library/PrivateFrameworks/DSExternalDisplay.framework/Versions/A/DSExternalDisplay
0x00007ffb0a8f3000 	/System/Library/PrivateFrameworks/GPUCompiler.framework/Versions/31001/Libraries/libllvm-flatbuffers.dylib
0x00007ffa1ab61000 	/System/Library/Frameworks/OpenGL.framework/Versions/A/Libraries/libCoreFSCache.dylib
0x00007ffb0a8ef000 	/System/Library/PrivateFrameworks/GPUCompiler.framework/Versions/31001/Libraries/libGPUCompilerUtils.dylib
0x00007ff81410c000 	/System/Library/PrivateFrameworks/CMCaptureCore.framework/Versions/A/CMCaptureCore
0x00007ffa1fb35000 	/System/Library/Frameworks/ExtensionFoundation.framework/Versions/A/ExtensionFoundation
0x00007ff81ab0d000 	/System/Library/PrivateFrameworks/CoreTime.framework/Versions/A/CoreTime
0x00007ff81363d000 	/System/Library/PrivateFrameworks/AppServerSupport.framework/Versions/A/AppServerSupport
0x00007ff8159bf000 	/System/Library/PrivateFrameworks/perfdata.framework/Versions/A/perfdata
0x00007ff808336000 	/System/Library/PrivateFrameworks/AudioToolboxCore.framework/Versions/A/AudioToolboxCore
0x00007ff80feaf000 	/System/Library/PrivateFrameworks/caulk.framework/Versions/A/caulk
0x00007ff815291000 	/usr/lib/libAudioStatistics.dylib
0x00007ff907c14000 	/System/Library/PrivateFrameworks/SystemPolicy.framework/Versions/A/SystemPolicy
0x00007ff81552a000 	/usr/lib/libSMC.dylib
0x00007ff81e5d1000 	/System/Library/Frameworks/CoreMIDI.framework/Versions/A/CoreMIDI
0x00007ff813fb6000 	/usr/lib/libAudioToolboxUtility.dylib
0x00007ff823a98000 	/System/Library/PrivateFrameworks/OSAServicesClient.framework/Versions/A/OSAServicesClient
0x00007ff8159cc000 	/usr/lib/libperfcheck.dylib
0x00007ff812f6d000 	/System/Library/PrivateFrameworks/PlugInKit.framework/Versions/A/PlugInKit
0x00007ff8118ae000 	/System/Library/PrivateFrameworks/AssertionServices.framework/Versions/A/AssertionServices
0x00007ffa1abbc000 	/System/Library/Frameworks/OpenGL.framework/Versions/A/Libraries/libGLU.dylib
0x00007ffa1ab80000 	/System/Library/Frameworks/OpenGL.framework/Versions/A/Libraries/libGFXShared.dylib
0x00007ffa1ad89000 	/System/Library/Frameworks/OpenGL.framework/Versions/A/Libraries/libGL.dylib
0x00007ffa1ab89000 	/System/Library/Frameworks/OpenGL.framework/Versions/A/Libraries/libGLImage.dylib
0x00007ffa1ab7d000 	/System/Library/Frameworks/OpenGL.framework/Versions/A/Libraries/libCVMSPluginSupport.dylib
0x00007ffb22057000 	/usr/lib/libRosetta.dylib
0x00007ffa1ab68000 	/System/Library/Frameworks/OpenGL.framework/Versions/A/Libraries/libCoreVMClient.dylib
0x00007ff810b91000 	/System/Library/Frameworks/MetalPerformanceShaders.framework/Versions/A/Frameworks/MPSCore.framework/Versions/A/MPSCore
0x00007ff811f9b000 	/System/Library/Frameworks/MetalPerformanceShaders.framework/Versions/A/Frameworks/MPSImage.framework/Versions/A/MPSImage
0x00007ff811a1e000 	/System/Library/Frameworks/MetalPerformanceShaders.framework/Versions/A/Frameworks/MPSNeuralNetwork.framework/Versions/A/MPSNeuralNetwork
0x00007ff811e91000 	/System/Library/Frameworks/MetalPerformanceShaders.framework/Versions/A/Frameworks/MPSMatrix.framework/Versions/A/MPSMatrix
0x00007ff811c4c000 	/System/Library/Frameworks/MetalPerformanceShaders.framework/Versions/A/Frameworks/MPSRayIntersector.framework/Versions/A/MPSRayIntersector
0x00007ff811ecc000 	/System/Library/Frameworks/MetalPerformanceShaders.framework/Versions/A/Frameworks/MPSNDArray.framework/Versions/A/MPSNDArray
0x00007ffa20e86000 	/System/Library/Frameworks/MetalPerformanceShaders.framework/Versions/A/Frameworks/MPSFunctions.framework/Versions/A/MPSFunctions
0x00007ff806f34000 	/System/Library/PrivateFrameworks/MetalTools.framework/Versions/A/MetalTools
0x00007ff810c12000 	/System/Library/PrivateFrameworks/AggregateDictionary.framework/Versions/A/AggregateDictionary
0x00007ff812e27000 	/usr/lib/libIOReport.dylib
0x00007ffa1c16c000 	/System/Library/Frameworks/OpenCL.framework/Versions/A/OpenCL
0x00007ff8131cf000 	/System/Library/PrivateFrameworks/GraphVisualizer.framework/Versions/A/GraphVisualizer
0x00007ffb0a7f4000 	/System/Library/PrivateFrameworks/FontServices.framework/Versions/A/FontServices
0x00007ff8135f8000 	/System/Library/PrivateFrameworks/OTSVG.framework/Versions/A/OTSVG
0x00007ff80e646000 	/System/Library/Frameworks/ApplicationServices.framework/Versions/A/Frameworks/ATS.framework/Versions/A/Resources/libFontRegistry.dylib
0x00007ff813647000 	/System/Library/PrivateFrameworks/FontServices.framework/libhvf.dylib
0x00007ffb0a7f5000 	/System/Library/PrivateFrameworks/FontServices.framework/libXTFontStaticRegistryData.dylib
0x00007ffb1b676000 	/System/Library/PrivateFrameworks/VideoToolboxParavirtualizationSupport.framework/Versions/A/VideoToolboxParavirtualizationSupport
0x00007ff813039000 	/System/Library/PrivateFrameworks/AppleVA.framework/Versions/A/AppleVA
0x00007ff8152cd000 	/System/Library/Frameworks/ApplicationServices.framework/Versions/A/Frameworks/ATS.framework/Versions/A/ATS
0x00007ff80c083000 	/System/Library/Frameworks/ApplicationServices.framework/Versions/A/Frameworks/HIServices.framework/Versions/A/HIServices
0x00007ff814118000 	/System/Library/Frameworks/ApplicationServices.framework/Versions/A/Frameworks/PrintCore.framework/Versions/A/PrintCore
0x00007ff81567f000 	/System/Library/Frameworks/ApplicationServices.framework/Versions/A/Frameworks/QD.framework/Versions/A/QD
0x00007ff815677000 	/System/Library/Frameworks/ApplicationServices.framework/Versions/A/Frameworks/ColorSyncLegacy.framework/Versions/A/ColorSyncLegacy
0x00007ff8152a5000 	/System/Library/Frameworks/ApplicationServices.framework/Versions/A/Frameworks/SpeechSynthesis.framework/Versions/A/SpeechSynthesis
0x00007ff8140d6000 	/System/Library/Frameworks/ApplicationServices.framework/Versions/A/Frameworks/ATSUI.framework/Versions/A/ATSUI
0x00007ff81560a000 	/usr/lib/libcups.2.dylib
0x00007ff8159db000 	/System/Library/Frameworks/Kerberos.framework/Versions/A/Kerberos
0x00007ff8159ea000 	/System/Library/Frameworks/GSS.framework/Versions/A/GSS
0x00007ff81533b000 	/usr/lib/libresolv.9.dylib
0x00007ff813658000 	/System/Library/PrivateFrameworks/Heimdal.framework/Versions/A/Heimdal
0x00007ff81c706000 	/System/Library/Frameworks/Kerberos.framework/Versions/A/Libraries/libHeimdalProxy.dylib
0x00007ff815a35000 	/System/Library/PrivateFrameworks/CommonAuth.framework/Versions/A/CommonAuth
0x00007ffa1ee15000 	/System/Library/Frameworks/AVFAudio.framework/Versions/A/AVFAudio
0x00007ff823ae1000 	/System/Library/PrivateFrameworks/AXCoreUtilities.framework/Versions/A/AXCoreUtilities
0x00007ff815221000 	/System/Library/PrivateFrameworks/AudioSession.framework/Versions/A/AudioSession
0x00007ff816802000 	/System/Library/Frameworks/IOBluetooth.framework/Versions/A/IOBluetooth
0x00007ff81313f000 	/System/Library/PrivateFrameworks/MediaExperience.framework/Versions/A/MediaExperience
0x00007ff8150c9000 	/System/Library/PrivateFrameworks/AudioSession.framework/libSessionUtility.dylib
0x00007ff81568b000 	/System/Library/PrivateFrameworks/AudioResourceArbitration.framework/Versions/A/AudioResourceArbitration
0x00007ff819751000 	/System/Library/PrivateFrameworks/PowerLog.framework/Versions/A/PowerLog
0x00007ff819693000 	/System/Library/Frameworks/CoreBluetooth.framework/Versions/A/CoreBluetooth
0x00007ff81c707000 	/System/Library/Frameworks/AudioUnit.framework/Versions/A/AudioUnit
0x00007ff811719000 	/System/Library/PrivateFrameworks/CoreUtils.framework/Versions/A/CoreUtils
0x00007ffb093c9000 	/System/Library/PrivateFrameworks/CoreUtilsExtras.framework/Versions/A/CoreUtilsExtras
0x00007ffb0e071000 	/System/Library/PrivateFrameworks/IO80211.framework/Versions/A/IO80211
0x00007ff8130ad000 	/System/Library/PrivateFrameworks/IconFoundation.framework/Versions/A/IconFoundation
0x00007ff818768000 	/System/Library/PrivateFrameworks/SpeechRecognitionCore.framework/Versions/A/SpeechRecognitionCore
0x000000011023e000 	/Library/Java/JavaVirtualMachines/jdk-17.0.2.jdk/Contents/Home/lib/server/libjvm.dylib
0x000000010f1a9000 	/Library/Java/JavaVirtualMachines/jdk-17.0.2.jdk/Contents/Home/lib/libjimage.dylib
0x000000010f21d000 	/Library/Java/JavaVirtualMachines/jdk-17.0.2.jdk/Contents/Home/lib/libinstrument.dylib
0x000000010f25f000 	/Library/Java/JavaVirtualMachines/jdk-17.0.2.jdk/Contents/Home/lib/libjava.dylib
0x000000010fd2a000 	/Library/Java/JavaVirtualMachines/jdk-17.0.2.jdk/Contents/Home/lib/libnio.dylib
0x000000010fd46000 	/Library/Java/JavaVirtualMachines/jdk-17.0.2.jdk/Contents/Home/lib/libnet.dylib
0x000000010f244000 	/Library/Java/JavaVirtualMachines/jdk-17.0.2.jdk/Contents/Home/lib/libzip.dylib
0x000000010fd7a000 	/Users/mingxingyi/.openjfx/cache/18+12/libprism_es2.dylib
0x00007ffa1ad94000 	/System/Library/Frameworks/OpenGL.framework/Versions/A/Resources/GLEngine.bundle/GLEngine
0x00007ffa1abfa000 	/System/Library/Frameworks/OpenGL.framework/Versions/A/Libraries/libGLProgrammability.dylib
0x00007ffa135ef000 	/System/Library/Extensions/AppleIntelKBLGraphicsGLDriver.bundle/Contents/MacOS/AppleIntelKBLGraphicsGLDriver
0x00007ff913bbb000 	/System/Library/PrivateFrameworks/GPUSupport.framework/Versions/A/Libraries/libGPUSupportMercury.dylib
0x0000000110013000 	/System/Library/Extensions/AMDRadeonX6000GLDriver.bundle/Contents/MacOS/AMDRadeonX6000GLDriver
0x00007ffa1e749000 	/System/Library/Extensions/AMDRadeonX6000GLDriver.bundle/Contents/MacOS/ATIRadeonX6000SCLib.dylib
0x00007ffa11cc3000 	/System/Library/Extensions/AMDShared.bundle/Contents/PlugIns/libSC.dylib
0x00007ffa1af1e000 	/System/Library/Frameworks/OpenGL.framework/Versions/A/Resources/GLRendererFloat.bundle/GLRendererFloat
0x000000010fede000 	/Users/mingxingyi/.openjfx/cache/18+12/libglass.dylib
0x00007ff819d43000 	/System/Library/Frameworks/FileProvider.framework/Versions/A/FileProvider
0x00007ff80cb82000 	/System/Library/Frameworks/Accounts.framework/Versions/A/Accounts
0x00007ff80eb0b000 	/System/Library/PrivateFrameworks/UserManagement.framework/Versions/A/UserManagement
0x00007ff819ecc000 	/System/Library/PrivateFrameworks/GenerationalStorage.framework/Versions/A/GenerationalStorage
0x00007ff81aa3c000 	/System/Library/PrivateFrameworks/CoreSymbolication.framework/Versions/A/CoreSymbolication
0x00007ff819746000 	/System/Library/PrivateFrameworks/SymptomDiagnosticReporter.framework/Versions/A/SymptomDiagnosticReporter
0x00007ff80ab69000 	/System/Library/PrivateFrameworks/DesktopServicesPriv.framework/Versions/A/DesktopServicesPriv
0x00007ff809931000 	/usr/lib/libsandbox.1.dylib
0x00007ff81aa01000 	/System/Library/PrivateFrameworks/DebugSymbols.framework/Versions/A/DebugSymbols
0x00007ff81566c000 	/System/Library/PrivateFrameworks/NetAuth.framework/Versions/A/NetAuth
0x00007ff816686000 	/System/Library/PrivateFrameworks/Sharing.framework/Versions/A/Sharing
0x00007ff80ead1000 	/System/Library/PrivateFrameworks/login.framework/Versions/A/Frameworks/loginsupport.framework/Versions/A/loginsupport
0x00007ff81bc37000 	/System/Library/PrivateFrameworks/Apple80211.framework/Versions/A/Apple80211
0x00007ff812084000 	/System/Library/PrivateFrameworks/AuthKit.framework/Versions/A/AuthKit
0x00007ff81169f000 	/System/Library/Frameworks/CoreWLAN.framework/Versions/A/CoreWLAN
0x00007ff81bc3b000 	/System/Library/PrivateFrameworks/CoreWiFi.framework/Versions/A/CoreWiFi
0x00007ffa0abbe000 	/System/Library/PrivateFrameworks/WiFiPeerToPeer.framework/Versions/A/WiFiPeerToPeer
0x00007ff81a5ae000 	/System/Library/PrivateFrameworks/FrontBoardServices.framework/Versions/A/FrontBoardServices
0x00007ff81a645000 	/System/Library/PrivateFrameworks/BoardServices.framework/Versions/A/BoardServices
0x00007ff81bd99000 	/System/Library/PrivateFrameworks/BackBoardServices.framework/Versions/A/BackBoardServices
0x00007ff8121ea000 	/System/Library/Frameworks/UserNotifications.framework/Versions/A/UserNotifications
0x00007ff815b29000 	/System/Library/PrivateFrameworks/CorePhoneNumbers.framework/Versions/A/CorePhoneNumbers
0x00007ff815368000 	/System/Library/PrivateFrameworks/MultiverseSupport.framework/Versions/A/MultiverseSupport
0x00007ff81c014000 	/System/Library/PrivateFrameworks/RemoteServiceDiscovery.framework/Versions/A/RemoteServiceDiscovery
0x00007ff819864000 	/System/Library/PrivateFrameworks/DiskManagement.framework/Versions/A/DiskManagement
0x00007ff819778000 	/System/Library/PrivateFrameworks/AppleIDAuthSupport.framework/Versions/A/AppleIDAuthSupport
0x00007ffa23926000 	/System/Library/PrivateFrameworks/AAAFoundation.framework/Versions/A/AAAFoundation
0x00007ff815b02000 	/System/Library/PrivateFrameworks/KeychainCircle.framework/Versions/A/KeychainCircle
0x00007ff81c024000 	/System/Library/PrivateFrameworks/RemoteXPC.framework/Versions/A/RemoteXPC
0x00007ff819830000 	/System/Library/PrivateFrameworks/MediaKit.framework/Versions/A/MediaKit
0x00007ff819784000 	/System/Library/Frameworks/DiscRecording.framework/Versions/A/DiscRecording
0x00007ff812fb1000 	/usr/lib/libCoreStorage.dylib
0x00007ff81c08f000 	/usr/lib/libcsfde.dylib
0x00007ff8168d3000 	/System/Library/PrivateFrameworks/ProtectedCloudStorage.framework/Versions/A/ProtectedCloudStorage
0x00007ff81c08b000 	/System/Library/PrivateFrameworks/EFILogin.framework/Versions/A/EFILogin
0x00007ff819ef2000 	/System/Library/PrivateFrameworks/OctagonTrust.framework/Versions/A/OctagonTrust
0x00007ff812fa9000 	/usr/lib/libMatch.1.dylib
0x00007ff90d34f000 	/System/Library/Frameworks/Accelerate.framework/Versions/A/Frameworks/vImage.framework/Versions/A/Libraries/libCGInterfaces.dylib
0x000000010fff9000 	/usr/lib/libobjc-trampolines.dylib
0x00007ffb21e13000 	/usr/lib/libAccessibilityBaseImplementations.dylib
0x00007ff80e7ea000 	/System/Library/PrivateFrameworks/ViewBridge.framework/Versions/A/ViewBridge
0x00000001389be000 	/Users/mingxingyi/.openjfx/cache/18+12/libjavafx_font.dylib
0x00007ff81370f000 	/System/Library/PrivateFrameworks/login.framework/Versions/A/login
0x000000014a59e000 	/System/Library/Frameworks/FileProvider.framework/OverrideBundles/CloudDocsFileProvider.bundle/Contents/MacOS/CloudDocsFileProvider
0x00007ff80edeb000 	/System/Library/PrivateFrameworks/CloudDocs.framework/Versions/A/CloudDocs
0x00007ff81c417000 	/System/Library/PrivateFrameworks/AppleAccount.framework/Versions/A/AppleAccount
0x00007ff80eb34000 	/System/Library/Frameworks/CloudKit.framework/Versions/A/CloudKit
0x00007ff8168ba000 	/System/Library/PrivateFrameworks/AppContainer.framework/Versions/A/AppContainer
0x00007ff8162c5000 	/System/Library/PrivateFrameworks/IDS.framework/Versions/A/IDS
0x00007ff81c57e000 	/System/Library/PrivateFrameworks/AppleIDSSOAuthentication.framework/Versions/A/AppleIDSSOAuthentication
0x00007ff80ead4000 	/System/Library/PrivateFrameworks/ApplePushService.framework/Versions/A/ApplePushService
0x00007ff81c114000 	/System/Library/PrivateFrameworks/AppSupport.framework/Versions/A/AppSupport
0x00007ff815021000 	/System/Library/PrivateFrameworks/IMFoundation.framework/Versions/A/IMFoundation
0x00007ff823234000 	/System/Library/PrivateFrameworks/Marco.framework/Versions/A/Marco
0x00007ff816452000 	/System/Library/PrivateFrameworks/IDSFoundation.framework/Versions/A/IDSFoundation
0x00007ff80cbff000 	/System/Library/PrivateFrameworks/CommonUtilities.framework/Versions/A/CommonUtilities
0x00007ff908357000 	/System/Library/PrivateFrameworks/FTServices.framework/Versions/A/FTServices
0x00007ff820208000 	/System/Library/PrivateFrameworks/Engram.framework/Versions/A/Engram
0x00007ff8201ab000 	/usr/lib/libtidy.A.dylib
0x00007ff8138ce000 	/System/Library/PrivateFrameworks/Bom.framework/Versions/A/Bom
0x00007ff815378000 	/usr/lib/libParallelCompression.dylib
0x00007ff812e30000 	/System/Library/PrivateFrameworks/CrashReporterSupport.framework/Versions/A/CrashReporterSupport
0x00007ff9138ec000 	/System/Library/PrivateFrameworks/FTAWD.framework/Versions/A/FTAWD
0x00007ff915eb1000 	/System/Library/PrivateFrameworks/OSAnalytics.framework/Versions/A/OSAnalytics
0x00007ff921a5e000 	/System/Library/PrivateFrameworks/Symbolication.framework/Versions/A/Symbolication
0x00007ff908745000 	/System/Library/PrivateFrameworks/MallocStackLogging.framework/Versions/A/MallocStackLogging
0x00007ffa22d0d000 	/System/Library/Frameworks/SharedWithYouCore.framework/Versions/A/SharedWithYouCore
0x00007ffb21f2c000 	/usr/lib/libBASupport.dylib
0x00007ff907a14000 	/System/Library/Frameworks/AVFoundation.framework/Versions/A/AVFoundation
0x00007ff81c7b6000 	/System/Library/PrivateFrameworks/C2.framework/Versions/A/C2
0x00007ff80fbd5000 	/System/Library/Frameworks/CoreLocation.framework/Versions/A/CoreLocation
0x00007ffa2630d000 	/System/Library/PrivateFrameworks/CloudKitDistributedSync.framework/Versions/A/CloudKitDistributedSync
0x00007ff81c7ae000 	/System/Library/Frameworks/PushKit.framework/Versions/A/PushKit
0x00007ffa1f8a6000 	/System/Library/Frameworks/CoreTransferable.framework/Versions/A/CoreTransferable
0x00007ffa06a83000 	/System/Library/Frameworks/CryptoKit.framework/Versions/A/CryptoKit
0x00007ffa0ab41000 	/System/Library/PrivateFrameworks/FeatureFlags.framework/Versions/A/FeatureFlags
0x00007ff91ef1d000 	/usr/lib/swift/libswiftAVFoundation.dylib
0x00007ff908786000 	/usr/lib/swift/libswiftCoreAudio.dylib
0x00007ff90d36e000 	/usr/lib/swift/libswiftCoreLocation.dylib
0x00007ff90d371000 	/usr/lib/swift/libswiftCoreMIDI.dylib
0x00007ff91da96000 	/usr/lib/swift/libswiftCoreMedia.dylib
0x00007ff913342000 	/usr/lib/swift/libswiftMetal.dylib
0x00007ff916824000 	/usr/lib/swift/libswiftQuartzCore.dylib
0x00007ff91a6bb000 	/usr/lib/swift/libswiftUniformTypeIdentifiers.dylib
0x00007ff90b676000 	/usr/lib/swift/libswiftsimd.dylib
0x00007ff81a3a9000 	/System/Library/PrivateFrameworks/AVFCore.framework/Versions/A/AVFCore
0x00007ff821936000 	/System/Library/PrivateFrameworks/AVFCapture.framework/Versions/A/AVFCapture
0x00007ff906451000 	/System/Library/PrivateFrameworks/AirPlaySync.framework/Versions/A/AirPlaySync
0x00007ff81434f000 	/System/Library/Frameworks/MediaToolbox.framework/Versions/A/MediaToolbox
0x00007ff819d13000 	/System/Library/PrivateFrameworks/CoreAVCHD.framework/Versions/A/CoreAVCHD
0x00007ff818e62000 	/System/Library/Frameworks/MediaAccessibility.framework/Versions/A/MediaAccessibility
0x00007ff819d0f000 	/System/Library/PrivateFrameworks/Mangrove.framework/Versions/A/Mangrove
0x00007ffa25fb2000 	/System/Library/PrivateFrameworks/CMPhoto.framework/Versions/A/CMPhoto
0x00007ff81a8d5000 	/System/Library/PrivateFrameworks/AppleVPA.framework/Versions/A/AppleVPA
0x00007ff819954000 	/System/Library/PrivateFrameworks/CoreAUC.framework/Versions/A/CoreAUC
0x00007ffa25f84000 	/System/Library/PrivateFrameworks/CMImaging.framework/Versions/A/CMImaging
0x00007ff821ab3000 	/System/Library/PrivateFrameworks/Quagga.framework/Versions/A/Quagga
0x00007ff821b85000 	/System/Library/PrivateFrameworks/CMCapture.framework/Versions/A/CMCapture
0x00007ff815437000 	/System/Library/Frameworks/CoreMediaIO.framework/Versions/A/CoreMediaIO
0x00007ff9086d3000 	/System/Library/PrivateFrameworks/LoggingSupport.framework/Versions/A/LoggingSupport
0x00007ff81e2e1000 	/System/Library/PrivateFrameworks/RTCReporting.framework/Versions/A/RTCReporting
0x00007ff816b29000 	/System/Library/PrivateFrameworks/GeoServices.framework/Versions/A/GeoServices
0x00007ff815095000 	/System/Library/PrivateFrameworks/LocationSupport.framework/Versions/A/LocationSupport
0x00007ffb0b3ac000 	/System/Library/PrivateFrameworks/GeoServicesCore.framework/Versions/A/GeoServicesCore
0x00007ff823ad8000 	/System/Library/PrivateFrameworks/PhoneNumbers.framework/Versions/A/PhoneNumbers
0x00007ffa06880000 	/usr/lib/swift/libswiftNetwork.dylib
0x00007ff81c701000 	/System/Library/PrivateFrameworks/CryptoKitCBridging.framework/Versions/A/CryptoKitCBridging
0x00007ff81a6ea000 	/System/Library/Frameworks/CryptoTokenKit.framework/Versions/A/CryptoTokenKit
0x00007ff91da94000 	/usr/lib/swift/libswiftCryptoTokenKit.dylib
0x00007ff81a745000 	/System/Library/Frameworks/LocalAuthentication.framework/Versions/A/LocalAuthentication
0x00007ff81a78a000 	/System/Library/Frameworks/LocalAuthentication.framework/Support/SharedUtils.framework/Versions/A/SharedUtils
0x00007ff90678a000 	/usr/lib/swift/libswiftCoreGraphics.dylib
0x00007ff8168cf000 	/System/Library/PrivateFrameworks/SecCodeWrapper.framework/Versions/A/SecCodeWrapper
0x000000014a56c000 	/System/Library/Frameworks/FileProvider.framework/OverrideBundles/FileProviderOverride.bundle/Contents/MacOS/FileProviderOverride
0x000000014a63d000 	/System/Library/Frameworks/FileProvider.framework/OverrideBundles/FinderSyncCollaborationFileProviderOverride.bundle/Contents/MacOS/FinderSyncCollaborationFileProviderOverride
0x00007ff91a597000 	/System/Library/PrivateFrameworks/FinderSyncPriv.framework/Versions/A/FinderSyncPriv
0x00007ff826234000 	/usr/lib/libFosl_dynamic.dylib
0x00007ff90c84f000 	/usr/lib/libncurses.5.4.dylib
0x00007ffa1e79d000 	/System/Library/Extensions/AMDRadeonX6000MTLDriver.bundle/Contents/MacOS/AMDRadeonX6000MTLDriver
0x00007ff90c87f000 	/System/Library/PrivateFrameworks/IOAccelMemoryInfo.framework/Versions/A/IOAccelMemoryInfo
0x00007ffa11653000 	/System/Library/Extensions/AppleIntelKBLGraphicsMTLDriver.bundle/Contents/MacOS/AppleIntelKBLGraphicsMTLDriver
0x00007ff908782000 	/System/Library/PrivateFrameworks/GPURawCounter.framework/Versions/A/GPURawCounter
0x00007ff818e96000 	/System/Library/PrivateFrameworks/SystemAdministration.framework/Versions/A/SystemAdministration
0x00007ff818734000 	/System/Library/Frameworks/DirectoryService.framework/Versions/A/DirectoryService
0x00007ff81bf2c000 	/System/Library/PrivateFrameworks/DiskImages.framework/Versions/A/DiskImages
0x00007ff81196a000 	/System/Library/Frameworks/ServiceManagement.framework/Versions/A/ServiceManagement
0x00007ff81c10c000 	/System/Library/PrivateFrameworks/LoginUIKit.framework/Versions/A/Frameworks/LoginUICore.framework/Versions/A/LoginUICore
0x00007ff8138ca000 	/usr/lib/libodfde.dylib
0x00007ff81c09b000 	/usr/lib/libcurl.4.dylib
0x00007ffb224f3000 	/usr/lib/libcrypto.46.dylib
0x00007ffb22b62000 	/usr/lib/libssl.48.dylib
0x00007ff81bdba000 	/System/Library/Frameworks/LDAP.framework/Versions/A/LDAP
0x00007ff81bdf6000 	/System/Library/PrivateFrameworks/TrustEvaluationAgent.framework/Versions/A/TrustEvaluationAgent
0x00007ff815354000 	/usr/lib/libsasl2.2.dylib
0x00000001489fa000 	/Users/mingxingyi/.openjfx/cache/18+12/libglib-lite.dylib
0x0000000148cb5000 	/Users/mingxingyi/.openjfx/cache/18+12/libgstreamer-lite.dylib
0x000000014890c000 	/Users/mingxingyi/.openjfx/cache/18+12/libjfxmedia.dylib
0x00000001488f0000 	/Users/mingxingyi/.openjfx/cache/18+12/libjfxmedia_avf.dylib
0x0000000148944000 	/Users/mingxingyi/.openjfx/cache/18+12/libfxplugins.dylib
0x00007ffa2321f000 	/System/Library/Frameworks/VideoDecodeAcceleration.framework/Versions/A/VideoDecodeAcceleration
0x0000000148960000 	/System/Library/Extensions/AppleGFXHDA.kext/Contents/PlugIns/AppleGFXHDAHALPlugIn.bundle/Contents/MacOS/AppleGFXHDAHALPlugIn
0x0000000148b22000 	/System/Library/Components/CoreAudio.component/Contents/MacOS/CoreAudio


VM Arguments:
jvm_args: -javaagent:/Users/mingxingyi/Library/Application Support/JetBrains/Toolbox/apps/IDEA-U/ch-0/223.7571.182/IntelliJ IDEA.app/Contents/lib/idea_rt.jar=59228:/Users/mingxingyi/Library/Application Support/JetBrains/Toolbox/apps/IDEA-U/ch-0/223.7571.182/IntelliJ IDEA.app/Contents/bin -Dfile.encoding=UTF-8 --module-path=/Users/mingxingyi/.m2/repository/com/github/almasb/fxgl-core/17.2/fxgl-core-17.2.jar:/Users/mingxingyi/.m2/repository/com/fasterxml/jackson/core/jackson-core/2.12.1/jackson-core-2.12.1.jar:/Users/mingxingyi/.m2/repository/com/gluonhq/attach/audio/4.0.13/audio-4.0.13.jar:/Users/mingxingyi/.m2/repository/com/gluonhq/attach/storage/4.0.13/storage-4.0.13.jar:/Users/mingxingyi/fx/games/target/classes:/Users/mingxingyi/.m2/repository/com/fasterxml/jackson/core/jackson-databind/2.12.1/jackson-databind-2.12.1.jar:/Users/mingxingyi/.m2/repository/org/openjfx/javafx-graphics/18/javafx-graphics-18-mac.jar:/Users/mingxingyi/.m2/repository/com/gluonhq/attach/util/4.0.13/util-4.0.13.jar:/Users/mingxingyi/.m2/repository/com/github/almasb/fxgl-scene/17.2/fxgl-scene-17.2.jar:/Users/mingxingyi/.m2/repository/org/openjfx/javafx-fxml/18/javafx-fxml-18-mac.jar:/Users/mingxingyi/.m2/repository/com/gluonhq/attach/lifecycle/4.0.13/lifecycle-4.0.13.jar:/Users/mingxingyi/.m2/repository/org/jetbrains/kotlin/kotlin-stdlib/1.6.0/kotlin-stdlib-1.6.0-modular.jar:/Users/mingxingyi/.m2/repository/org/jetbrains/kotlin/kotlin-stdlib/1.7.20/kotlin-stdlib-1.7.20.jar:/Users/mingxingyi/.m2/repository/com/github/almasb/fxgl-io/17.2/fxgl-io-17.2.jar:/Users/mingxingyi/.m2/repository/org/openjfx/javafx-controls/18/javafx-controls-18-mac.jar:/Users/mingxingyi/.m2/repository/org/openjfx/javafx-base/18/javafx-base-18-mac.jar:/Users/mingxingyi/.m2/repository/com/github/almasb/fxgl-entity/17.2/fxgl-entity-17.2.jar:/Users/mingxingyi/.m2/repository/com/github/almasb/fxgl/17.2/fxgl-17.2.jar:/Users/mingxingyi/.m2/repository/com/github/almasb/fxgl-gameplay/17.2/fxgl-gameplay-17.2.jar:/Users/mingxingyi/.m2/repository/org/openjfx/javafx-media/18/javafx-media-18-mac.jar:/Users/mingxingyi/.m2/repository/com/fasterxml/jackson/core/jackson-annotations/2.12.1/jackson-annotations-2.12.1.jar -Djdk.module.main=yi.ming.xing.games 
java_command: yi.ming.xing.games/yi.ming.xing.games.TankGameAppKt
java_class_path (initial): /Users/mingxingyi/.m2/repository/org/openjfx/javafx-fxml/18/javafx-fxml-18.jar:/Users/mingxingyi/.m2/repository/org/openjfx/javafx-controls/18/javafx-controls-18.jar:/Users/mingxingyi/.m2/repository/org/openjfx/javafx-graphics/18/javafx-graphics-18.jar:/Users/mingxingyi/.m2/repository/org/openjfx/javafx-base/18/javafx-base-18.jar:/Users/mingxingyi/.m2/repository/org/openjfx/javafx-media/18/javafx-media-18.jar:/Users/mingxingyi/.m2/repository/org/jetbrains/kotlin/kotlin-stdlib-common/1.7.20/kotlin-stdlib-common-1.7.20.jar:/Users/mingxingyi/.m2/repository/org/jetbrains/annotations/13.0/annotations-13.0.jar
Launcher Type: SUN_STANDARD

[Global flags]
     intx CICompilerCount                          = 4                                         {product} {ergonomic}
     uint ConcGCThreads                            = 3                                         {product} {ergonomic}
     uint G1ConcRefinementThreads                  = 10                                        {product} {ergonomic}
   size_t G1HeapRegionSize                         = 2097152                                   {product} {ergonomic}
    uintx GCDrainStackTargetSize                   = 64                                        {product} {ergonomic}
   size_t InitialHeapSize                          = 268435456                                 {product} {ergonomic}
   size_t MarkStackSize                            = 4194304                                   {product} {ergonomic}
   size_t MaxHeapSize                              = 4294967296                                {product} {ergonomic}
   size_t MaxNewSize                               = 2575302656                                {product} {ergonomic}
   size_t MinHeapDeltaBytes                        = 2097152                                   {product} {ergonomic}
   size_t MinHeapSize                              = 8388608                                   {product} {ergonomic}
    uintx NonNMethodCodeHeapSize                   = 5839372                                {pd product} {ergonomic}
    uintx NonProfiledCodeHeapSize                  = 122909434                              {pd product} {ergonomic}
    uintx ProfiledCodeHeapSize                     = 122909434                              {pd product} {ergonomic}
    uintx ReservedCodeCacheSize                    = 251658240                              {pd product} {ergonomic}
     bool SegmentedCodeCache                       = true                                      {product} {ergonomic}
   size_t SoftMaxHeapSize                          = 4294967296                             {manageable} {ergonomic}
     bool UseCompressedClassPointers               = true                           {product lp64_product} {ergonomic}
     bool UseCompressedOops                        = true                           {product lp64_product} {ergonomic}
     bool UseG1GC                                  = true                                      {product} {ergonomic}
     bool UseNUMA                                  = false                                     {product} {ergonomic}
     bool UseNUMAInterleaving                      = false                                     {product} {ergonomic}

Logging:
Log output configuration:
 #0: stdout all=warning uptime,level,tags
 #1: stderr all=off uptime,level,tags

Environment Variables:
PATH=/Users/mingxingyi/dev/flutter/bin:/usr/local/sbin:/Users/mingxingyi/.jenv/shims:/Users/mingxingyi/.jenv/bin:/Library/Frameworks/Python.framework/Versions/2.7/bin:/usr/local/bin:/System/Cryptexes/App/usr/bin:/usr/bin:/bin:/usr/sbin:/sbin:/usr/local/go/bin:/Library/Apple/usr/bin:/Applications/Wireshark.app/Contents/MacOS:/usr/local/bin:/opt/gradle/gradle-7.2/bin
SHELL=/bin/zsh
LC_CTYPE=zh_CN.UTF-8

Signal Handlers:
   SIGSEGV: crash_handler in libjvm.dylib, mask=11100110000111110111111111111111, flags=SA_RESTART|SA_SIGINFO
    SIGBUS: crash_handler in libjvm.dylib, mask=11100110000111110111111111111111, flags=SA_RESTART|SA_SIGINFO
    SIGFPE: crash_handler in libjvm.dylib, mask=11100110000111110111111111111111, flags=SA_RESTART|SA_SIGINFO
   SIGPIPE: javaSignalHandler in libjvm.dylib, mask=11100110000111110111111111111111, flags=SA_RESTART|SA_SIGINFO
   SIGXFSZ: javaSignalHandler in libjvm.dylib, mask=11100110000111110111111111111111, flags=SA_RESTART|SA_SIGINFO
    SIGILL: crash_handler in libjvm.dylib, mask=11100110000111110111111111111111, flags=SA_RESTART|SA_SIGINFO
   SIGUSR2: SR_handler in libjvm.dylib, mask=00100000000000000000000000000000, flags=SA_RESTART|SA_SIGINFO
    SIGHUP: UserHandler in libjvm.dylib, mask=11100110000111110111111111111111, flags=SA_RESTART|SA_SIGINFO
    SIGINT: UserHandler in libjvm.dylib, mask=11100110000111110111111111111111, flags=SA_RESTART|SA_SIGINFO
   SIGTERM: UserHandler in libjvm.dylib, mask=11100110000111110111111111111111, flags=SA_RESTART|SA_SIGINFO
   SIGQUIT: UserHandler in libjvm.dylib, mask=11100110000111110111111111111111, flags=SA_RESTART|SA_SIGINFO
   SIGTRAP: crash_handler in libjvm.dylib, mask=11100110000111110111111111111111, flags=SA_RESTART|SA_SIGINFO


---------------  S Y S T E M  ---------------

OS:
uname: Darwin 22.1.0 Darwin Kernel Version 22.1.0: Sun Oct  9 20:14:54 PDT 2022; root:xnu-8792.41.9~2/RELEASE_X86_64 x86_64
OS uptime: 1 days 16:31 hours
rlimit (soft/hard): STACK 8192k/65532k , CORE 0k/infinity , NPROC 2784/4176 , NOFILE 10240/infinity , AS infinity/infinity , CPU infinity/infinity , DATA infinity/infinity , FSIZE infinity/infinity , MEMLOCK infinity/infinity , RSS infinity/infinity
load average: 3.03 3.30 3.14

CPU: total 12 (initial active 12) (6 cores per cpu, 2 threads per core) family 6 model 158 stepping 10 microcode 0xf0, cx8, cmov, fxsr, ht, mmx, 3dnowpref, sse, sse2, sse3, ssse3, sse4.1, sse4.2, popcnt, lzcnt, tsc, tscinvbit, avx, avx2, aes, erms, clmul, bmi1, bmi2, adx, fma, vzeroupper, clflush, clflushopt

Memory: 4k page, physical 16777216k(20412k free), swap 2097152k(859392k free)

vm_info: OpenJDK 64-Bit Server VM (17.0.2+8-86) for bsd-amd64 JRE (17.0.2+8-86), built on Dec  7 2021 21:47:33 by "mach5one" with clang Apple LLVM 12.0.0 (clang-1200.0.32.29)

END.
